# JRE version: OpenJDK Runtime Environment Temurin-21.0.7+6 (21.0.7+6) (build 21.0.7+6-LTS)
# Java VM: OpenJDK 64-Bit Server VM Temurin-21.0.7+6 (21.0.7+6-LTS, mixed mode, sharing, tiered, compressed oops, compressed class ptrs, parallel gc, windows-amd64)
GC Precious Log:
 CardTable entry size: 512
 CPUs: 4 total, 4 available
 Memory: 3784M
 Large Page Support: Disabled
 NUMA Support: Disabled
 Compressed Oops: Enabled (32-bit)
 Alignments: Space 512K, Generation 512K, Heap 2M
 Heap Min Capacity: 100M
 Heap Initial Capacity: 100M
 Heap Max Capacity: 1G
 Pre-touch: Disabled
 Parallel Workers: 4
Heap:
 PSYoungGen      total 2048K, used 1952K [0x00000000eab00000, 0x00000000eae00000, 0x0000000100000000)
  eden space 1536K, 100% used [0x00000000eab00000,0x00000000eac80000,0x00000000eac80000)
  from space 512K, 81% used [0x00000000ead00000,0x00000000ead68010,0x00000000ead80000)
  to   space 512K, 0% used [0x00000000ead80000,0x00000000ead80000,0x00000000eae00000)
 ParOldGen       total 128000K, used 115842K [0x00000000c0000000, 0x00000000c7d00000, 0x00000000eab00000)
  object space 128000K, 90% used [0x00000000c0000000,0x00000000c7120b30,0x00000000c7d00000)
 Metaspace       used 59268K, committed 60608K, reserved 1114112K
  class space    used 6020K, committed 6592K, reserved 1048576K
GC Heap History (20 events):
Event: 42.697 GC heap before
{Heap before GC invocations=141 (full 3):
 PSYoungGen      total 2048K, used 1869K [0x00000000eab00000, 0x00000000eae00000, 0x0000000100000000)
  eden space 1536K, 99% used [0x00000000eab00000,0x00000000eac7fc08,0x00000000eac80000)
  from space 512K, 65% used [0x00000000ead00000,0x00000000ead53920,0x00000000ead80000)
  to   space 512K, 0% used [0x00000000ead80000,0x00000000ead80000,0x00000000eae00000)
 ParOldGen       total 128000K, used 112858K [0x00000000c0000000, 0x00000000c7d00000, 0x00000000eab00000)
  object space 128000K, 88% used [0x00000000c0000000,0x00000000c6e368c8,0x00000000c7d00000)
 Metaspace       used 58575K, committed 59904K, reserved 1114112K
  class space    used 6000K, committed 6528K, reserved 1048576K
}
Event: 42.699 GC heap after
{Heap after GC invocations=141 (full 3):
 PSYoungGen      total 2048K, used 368K [0x00000000eab00000, 0x00000000eae00000, 0x0000000100000000)
  eden space 1536K, 0% used [0x00000000eab00000,0x00000000eab00000,0x00000000eac80000)
  from space 512K, 71% used [0x00000000ead80000,0x00000000eaddc010,0x00000000eae00000)
  to   space 512K, 0% used [0x00000000ead00000,0x00000000ead00000,0x00000000ead80000)
 ParOldGen       total 128000K, used 113113K [0x00000000c0000000, 0x00000000c7d00000, 0x00000000eab00000)
  object space 128000K, 88% used [0x00000000c0000000,0x00000000c6e767a0,0x00000000c7d00000)
 Metaspace       used 58575K, committed 59904K, reserved 1114112K
  class space    used 6000K, committed 6528K, reserved 1048576K
}
Event: 42.714 GC heap before
{Heap before GC invocations=142 (full 3):
 PSYoungGen      total 2048K, used 1904K [0x00000000eab00000, 0x00000000eae00000, 0x0000000100000000)
  eden space 1536K, 100% used [0x00000000eab00000,0x00000000eac80000,0x00000000eac80000)
  from space 512K, 71% used [0x00000000ead80000,0x00000000eaddc010,0x00000000eae00000)
  to   space 512K, 0% used [0x00000000ead00000,0x00000000ead00000,0x00000000ead80000)
 ParOldGen       total 128000K, used 113113K [0x00000000c0000000, 0x00000000c7d00000, 0x00000000eab00000)
  object space 128000K, 88% used [0x00000000c0000000,0x00000000c6e767a0,0x00000000c7d00000)
 Metaspace       used 58587K, committed 59904K, reserved 1114112K
  class space    used 6002K, committed 6528K, reserved 1048576K
}
Event: 42.715 GC heap after
{Heap after GC invocations=142 (full 3):
 PSYoungGen      total 2048K, used 402K [0x00000000eab00000, 0x00000000eae00000, 0x0000000100000000)
  eden space 1536K, 0% used [0x00000000eab00000,0x00000000eab00000,0x00000000eac80000)
  from space 512K, 78% used [0x00000000ead00000,0x00000000ead64af0,0x00000000ead80000)
  to   space 512K, 0% used [0x00000000ead80000,0x00000000ead80000,0x00000000eae00000)
 ParOldGen       total 128000K, used 113426K [0x00000000c0000000, 0x00000000c7d00000, 0x00000000eab00000)
  object space 128000K, 88% used [0x00000000c0000000,0x00000000c6ec48e0,0x00000000c7d00000)
 Metaspace       used 58587K, committed 59904K, reserved 1114112K
  class space    used 6002K, committed 6528K, reserved 1048576K
}
Event: 42.739 GC heap before
{Heap before GC invocations=143 (full 3):
 PSYoungGen      total 2048K, used 1938K [0x00000000eab00000, 0x00000000eae00000, 0x0000000100000000)
  eden space 1536K, 100% used [0x00000000eab00000,0x00000000eac80000,0x00000000eac80000)
  from space 512K, 78% used [0x00000000ead00000,0x00000000ead64af0,0x00000000ead80000)
  to   space 512K, 0% used [0x00000000ead80000,0x00000000ead80000,0x00000000eae00000)
 ParOldGen       total 128000K, used 113426K [0x00000000c0000000, 0x00000000c7d00000, 0x00000000eab00000)
  object space 128000K, 88% used [0x00000000c0000000,0x00000000c6ec48e0,0x00000000c7d00000)
 Metaspace       used 58640K, committed 60032K, reserved 1114112K
  class space    used 6007K, committed 6592K, reserved 1048576K
}
Event: 42.741 GC heap after
{Heap after GC invocations=143 (full 3):
 PSYoungGen      total 2048K, used 384K [0x00000000eab00000, 0x00000000eae00000, 0x0000000100000000)
  eden space 1536K, 0% used [0x00000000eab00000,0x00000000eab00000,0x00000000eac80000)
  from space 512K, 75% used [0x00000000ead80000,0x00000000eade0000,0x00000000eae00000)
  to   space 512K, 0% used [0x00000000ead00000,0x00000000ead00000,0x00000000ead80000)
 ParOldGen       total 128000K, used 113741K [0x00000000c0000000, 0x00000000c7d00000, 0x00000000eab00000)
  object space 128000K, 88% used [0x00000000c0000000,0x00000000c6f13750,0x00000000c7d00000)
 Metaspace       used 58640K, committed 60032K, reserved 1114112K
  class space    used 6007K, committed 6592K, reserved 1048576K
}
Event: 42.765 GC heap before
{Heap before GC invocations=144 (full 3):
 PSYoungGen      total 2048K, used 1920K [0x00000000eab00000, 0x00000000eae00000, 0x0000000100000000)
  eden space 1536K, 100% used [0x00000000eab00000,0x00000000eac80000,0x00000000eac80000)
  from space 512K, 75% used [0x00000000ead80000,0x00000000eade0000,0x00000000eae00000)
  to   space 512K, 0% used [0x00000000ead00000,0x00000000ead00000,0x00000000ead80000)
 ParOldGen       total 128000K, used 113741K [0x00000000c0000000, 0x00000000c7d00000, 0x00000000eab00000)
  object space 128000K, 88% used [0x00000000c0000000,0x00000000c6f13750,0x00000000c7d00000)
 Metaspace       used 58660K, committed 60032K, reserved 1114112K
  class space    used 6008K, committed 6592K, reserved 1048576K
}
Event: 42.767 GC heap after
{Heap after GC invocations=144 (full 3):
 PSYoungGen      total 2048K, used 352K [0x00000000eab00000, 0x00000000eae00000, 0x0000000100000000)
  eden space 1536K, 0% used [0x00000000eab00000,0x00000000eab00000,0x00000000eac80000)
  from space 512K, 68% used [0x00000000ead00000,0x00000000ead58000,0x00000000ead80000)
  to   space 512K, 0% used [0x00000000ead80000,0x00000000ead80000,0x00000000eae00000)
 ParOldGen       total 128000K, used 114067K [0x00000000c0000000, 0x00000000c7d00000, 0x00000000eab00000)
  object space 128000K, 89% used [0x00000000c0000000,0x00000000c6f64f48,0x00000000c7d00000)
 Metaspace       used 58660K, committed 60032K, reserved 1114112K
  class space    used 6008K, committed 6592K, reserved 1048576K
}
Event: 42.867 GC heap before
{Heap before GC invocations=145 (full 3):
 PSYoungGen      total 2048K, used 1888K [0x00000000eab00000, 0x00000000eae00000, 0x0000000100000000)
  eden space 1536K, 100% used [0x00000000eab00000,0x00000000eac80000,0x00000000eac80000)
  from space 512K, 68% used [0x00000000ead00000,0x00000000ead58000,0x00000000ead80000)
  to   space 512K, 0% used [0x00000000ead80000,0x00000000ead80000,0x00000000eae00000)
 ParOldGen       total 128000K, used 114067K [0x00000000c0000000, 0x00000000c7d00000, 0x00000000eab00000)
  object space 128000K, 89% used [0x00000000c0000000,0x00000000c6f64f48,0x00000000c7d00000)
 Metaspace       used 58734K, committed 60096K, reserved 1114112K
  class space    used 6010K, committed 6592K, reserved 1048576K
}
Event: 42.872 GC heap after
{Heap after GC invocations=145 (full 3):
 PSYoungGen      total 2048K, used 352K [0x00000000eab00000, 0x00000000eae00000, 0x0000000100000000)
  eden space 1536K, 0% used [0x00000000eab00000,0x00000000eab00000,0x00000000eac80000)
  from space 512K, 68% used [0x00000000ead80000,0x00000000eadd8000,0x00000000eae00000)
  to   space 512K, 0% used [0x00000000ead00000,0x00000000ead00000,0x00000000ead80000)
 ParOldGen       total 128000K, used 114355K [0x00000000c0000000, 0x00000000c7d00000, 0x00000000eab00000)
  object space 128000K, 89% used [0x00000000c0000000,0x00000000c6facca0,0x00000000c7d00000)
 Metaspace       used 58734K, committed 60096K, reserved 1114112K
  class space    used 6010K, committed 6592K, reserved 1048576K
}
Event: 42.985 GC heap before
{Heap before GC invocations=146 (full 3):
 PSYoungGen      total 2048K, used 1871K [0x00000000eab00000, 0x00000000eae00000, 0x0000000100000000)
  eden space 1536K, 98% used [0x00000000eab00000,0x00000000eac7be68,0x00000000eac80000)
  from space 512K, 68% used [0x00000000ead80000,0x00000000eadd8000,0x00000000eae00000)
  to   space 512K, 0% used [0x00000000ead00000,0x00000000ead00000,0x00000000ead80000)
 ParOldGen       total 128000K, used 114355K [0x00000000c0000000, 0x00000000c7d00000, 0x00000000eab00000)
  object space 128000K, 89% used [0x00000000c0000000,0x00000000c6facca0,0x00000000c7d00000)
 Metaspace       used 58823K, committed 60160K, reserved 1114112K
  class space    used 6013K, committed 6592K, reserved 1048576K
}
Event: 42.988 GC heap after
{Heap after GC invocations=146 (full 3):
 PSYoungGen      total 2048K, used 432K [0x00000000eab00000, 0x00000000eae00000, 0x0000000100000000)
  eden space 1536K, 0% used [0x00000000eab00000,0x00000000eab00000,0x00000000eac80000)
  from space 512K, 84% used [0x00000000ead00000,0x00000000ead6c200,0x00000000ead80000)
  to   space 512K, 0% used [0x00000000ead80000,0x00000000ead80000,0x00000000eae00000)
 ParOldGen       total 128000K, used 114618K [0x00000000c0000000, 0x00000000c7d00000, 0x00000000eab00000)
  object space 128000K, 89% used [0x00000000c0000000,0x00000000c6fee958,0x00000000c7d00000)
 Metaspace       used 58823K, committed 60160K, reserved 1114112K
  class space    used 6013K, committed 6592K, reserved 1048576K
}
Event: 43.091 GC heap before
{Heap before GC invocations=147 (full 3):
 PSYoungGen      total 2048K, used 1968K [0x00000000eab00000, 0x00000000eae00000, 0x0000000100000000)
  eden space 1536K, 100% used [0x00000000eab00000,0x00000000eac80000,0x00000000eac80000)
  from space 512K, 84% used [0x00000000ead00000,0x00000000ead6c200,0x00000000ead80000)
  to   space 512K, 0% used [0x00000000ead80000,0x00000000ead80000,0x00000000eae00000)
 ParOldGen       total 128000K, used 114618K [0x00000000c0000000, 0x00000000c7d00000, 0x00000000eab00000)
  object space 128000K, 89% used [0x00000000c0000000,0x00000000c6fee958,0x00000000c7d00000)
 Metaspace       used 58916K, committed 60288K, reserved 1114112K
  class space    used 6015K, committed 6592K, reserved 1048576K
}
Event: 43.095 GC heap after
{Heap after GC invocations=147 (full 3):
 PSYoungGen      total 2048K, used 384K [0x00000000eab00000, 0x00000000eae00000, 0x0000000100000000)
  eden space 1536K, 0% used [0x00000000eab00000,0x00000000eab00000,0x00000000eac80000)
  from space 512K, 75% used [0x00000000ead80000,0x00000000eade0000,0x00000000eae00000)
  to   space 512K, 0% used [0x00000000ead00000,0x00000000ead00000,0x00000000ead80000)
 ParOldGen       total 128000K, used 114914K [0x00000000c0000000, 0x00000000c7d00000, 0x00000000eab00000)
  object space 128000K, 89% used [0x00000000c0000000,0x00000000c7038978,0x00000000c7d00000)
 Metaspace       used 58916K, committed 60288K, reserved 1114112K
  class space    used 6015K, committed 6592K, reserved 1048576K
}
Event: 43.230 GC heap before
{Heap before GC invocations=148 (full 3):
 PSYoungGen      total 2048K, used 1920K [0x00000000eab00000, 0x00000000eae00000, 0x0000000100000000)
  eden space 1536K, 100% used [0x00000000eab00000,0x00000000eac80000,0x00000000eac80000)
  from space 512K, 75% used [0x00000000ead80000,0x00000000eade0000,0x00000000eae00000)
  to   space 512K, 0% used [0x00000000ead00000,0x00000000ead00000,0x00000000ead80000)
 ParOldGen       total 128000K, used 114914K [0x00000000c0000000, 0x00000000c7d00000, 0x00000000eab00000)
  object space 128000K, 89% used [0x00000000c0000000,0x00000000c7038978,0x00000000c7d00000)
 Metaspace       used 59037K, committed 60416K, reserved 1114112K
  class space    used 6018K, committed 6592K, reserved 1048576K
}
Event: 43.231 GC heap after
{Heap after GC invocations=148 (full 3):
 PSYoungGen      total 2048K, used 384K [0x00000000eab00000, 0x00000000eae00000, 0x0000000100000000)
  eden space 1536K, 0% used [0x00000000eab00000,0x00000000eab00000,0x00000000eac80000)
  from space 512K, 75% used [0x00000000ead00000,0x00000000ead60000,0x00000000ead80000)
  to   space 512K, 0% used [0x00000000ead80000,0x00000000ead80000,0x00000000eae00000)
 ParOldGen       total 128000K, used 115202K [0x00000000c0000000, 0x00000000c7d00000, 0x00000000eab00000)
  object space 128000K, 90% used [0x00000000c0000000,0x00000000c70809e0,0x00000000c7d00000)
 Metaspace       used 59037K, committed 60416K, reserved 1114112K
  class space    used 6018K, committed 6592K, reserved 1048576K
}
Event: 43.397 GC heap before
{Heap before GC invocations=149 (full 3):
 PSYoungGen      total 2048K, used 1920K [0x00000000eab00000, 0x00000000eae00000, 0x0000000100000000)
  eden space 1536K, 100% used [0x00000000eab00000,0x00000000eac80000,0x00000000eac80000)
  from space 512K, 75% used [0x00000000ead00000,0x00000000ead60000,0x00000000ead80000)
  to   space 512K, 0% used [0x00000000ead80000,0x00000000ead80000,0x00000000eae00000)
 ParOldGen       total 128000K, used 115202K [0x00000000c0000000, 0x00000000c7d00000, 0x00000000eab00000)
  object space 128000K, 90% used [0x00000000c0000000,0x00000000c70809e0,0x00000000c7d00000)
 Metaspace       used 59137K, committed 60480K, reserved 1114112K
  class space    used 6018K, committed 6592K, reserved 1048576K
}
Event: 43.399 GC heap after
{Heap after GC invocations=149 (full 3):
 PSYoungGen      total 2048K, used 416K [0x00000000eab00000, 0x00000000eae00000, 0x0000000100000000)
  eden space 1536K, 0% used [0x00000000eab00000,0x00000000eab00000,0x00000000eac80000)
  from space 512K, 81% used [0x00000000ead80000,0x00000000eade8000,0x00000000eae00000)
  to   space 512K, 0% used [0x00000000ead00000,0x00000000ead00000,0x00000000ead80000)
 ParOldGen       total 128000K, used 115531K [0x00000000c0000000, 0x00000000c7d00000, 0x00000000eab00000)
  object space 128000K, 90% used [0x00000000c0000000,0x00000000c70d2dc0,0x00000000c7d00000)
 Metaspace       used 59137K, committed 60480K, reserved 1114112K
  class space    used 6018K, committed 6592K, reserved 1048576K
}
Event: 43.512 GC heap before
{Heap before GC invocations=150 (full 3):
 PSYoungGen      total 2048K, used 1952K [0x00000000eab00000, 0x00000000eae00000, 0x0000000100000000)
  eden space 1536K, 100% used [0x00000000eab00000,0x00000000eac80000,0x00000000eac80000)
  from space 512K, 81% used [0x00000000ead80000,0x00000000eade8000,0x00000000eae00000)
  to   space 512K, 0% used [0x00000000ead00000,0x00000000ead00000,0x00000000ead80000)
 ParOldGen       total 128000K, used 115531K [0x00000000c0000000, 0x00000000c7d00000, 0x00000000eab00000)
  object space 128000K, 90% used [0x00000000c0000000,0x00000000c70d2dc0,0x00000000c7d00000)
 Metaspace       used 59228K, committed 60544K, reserved 1114112K
  class space    used 6019K, committed 6592K, reserved 1048576K
}
Event: 43.514 GC heap after
{Heap after GC invocations=150 (full 3):
 PSYoungGen      total 2048K, used 416K [0x00000000eab00000, 0x00000000eae00000, 0x0000000100000000)
  eden space 1536K, 0% used [0x00000000eab00000,0x00000000eab00000,0x00000000eac80000)
  from space 512K, 81% used [0x00000000ead00000,0x00000000ead68010,0x00000000ead80000)
  to   space 512K, 0% used [0x00000000ead80000,0x00000000ead80000,0x00000000eae00000)
 ParOldGen       total 128000K, used 115842K [0x00000000c0000000, 0x00000000c7d00000, 0x00000000eab00000)
  object space 128000K, 90% used [0x00000000c0000000,0x00000000c7120b30,0x00000000c7d00000)
 Metaspace       used 59228K, committed 60544K, reserved 1114112K
  class space    used 6019K, committed 6592K, reserved 1048576K
}

