# JRE version: OpenJDK Runtime Environment Temurin-21.0.7+6 (21.0.7+6) (build 21.0.7+6-LTS)
# Java VM: OpenJDK 64-Bit Server VM Temurin-21.0.7+6 (21.0.7+6-LTS, mixed mode, sharing, tiered, compressed oops, compressed class ptrs, parallel gc, windows-amd64)
GC Precious Log:
 CardTable entry size: 512
 CPUs: 4 total, 4 available
 Memory: 3784M
 Large Page Support: Disabled
 NUMA Support: Disabled
 Compressed Oops: Enabled (32-bit)
 Alignments: Space 512K, Generation 512K, Heap 2M
 Heap Min Capacity: 100M
 Heap Initial Capacity: 100M
 Heap Max Capacity: 1G
 Pre-touch: Disabled
 Parallel Workers: 4
Heap:
 PSYoungGen      total 8192K, used 8174K [0x00000000eab00000, 0x00000000eba00000, 0x0000000100000000)
  eden space 6144K, 100% used [0x00000000eab00000,0x00000000eb100000,0x00000000eb100000)
  from space 2048K, 99% used [0x00000000eb100000,0x00000000eb2fb8d0,0x00000000eb300000)
  to   space 4608K, 67% used [0x00000000eb580000,0x00000000eb88b4a0,0x00000000eba00000)
 ParOldGen       total 113664K, used 113611K [0x00000000c0000000, 0x00000000c6f00000, 0x00000000eab00000)
  object space 113664K, 99% used [0x00000000c0000000,0x00000000c6ef2cb0,0x00000000c6f00000)
 Metaspace       used 60652K, committed 61952K, reserved 1114112K
  class space    used 6041K, committed 6656K, reserved 1048576K
GC Heap History (20 events):
Event: 29.444 GC heap before
{Heap before GC invocations=67 (full 3):
 PSYoungGen      total 8192K, used 7986K [0x00000000eab00000, 0x00000000eb480000, 0x0000000100000000)
  eden space 6656K, 100% used [0x00000000eab00000,0x00000000eb180000,0x00000000eb180000)
  from space 1536K, 86% used [0x00000000eb180000,0x00000000eb2ccaf0,0x00000000eb300000)
  to   space 1536K, 0% used [0x00000000eb300000,0x00000000eb300000,0x00000000eb480000)
 ParOldGen       total 102912K, used 100359K [0x00000000c0000000, 0x00000000c6480000, 0x00000000eab00000)
  object space 102912K, 97% used [0x00000000c0000000,0x00000000c6201df0,0x00000000c6480000)
 Metaspace       used 60037K, committed 61312K, reserved 1114112K
  class space    used 6025K, committed 6592K, reserved 1048576K
}
Event: 29.448 GC heap after
{Heap after GC invocations=67 (full 3):
 PSYoungGen      total 7680K, used 1532K [0x00000000eab00000, 0x00000000eb580000, 0x0000000100000000)
  eden space 6144K, 0% used [0x00000000eab00000,0x00000000eab00000,0x00000000eb100000)
  from space 1536K, 99% used [0x00000000eb300000,0x00000000eb47f198,0x00000000eb480000)
  to   space 2048K, 0% used [0x00000000eb100000,0x00000000eb100000,0x00000000eb300000)
 ParOldGen       total 102912K, used 101596K [0x00000000c0000000, 0x00000000c6480000, 0x00000000eab00000)
  object space 102912K, 98% used [0x00000000c0000000,0x00000000c6337148,0x00000000c6480000)
 Metaspace       used 60037K, committed 61312K, reserved 1114112K
  class space    used 6025K, committed 6592K, reserved 1048576K
}
Event: 29.615 GC heap before
{Heap before GC invocations=68 (full 3):
 PSYoungGen      total 7680K, used 7670K [0x00000000eab00000, 0x00000000eb580000, 0x0000000100000000)
  eden space 6144K, 99% used [0x00000000eab00000,0x00000000eb0fe918,0x00000000eb100000)
  from space 1536K, 99% used [0x00000000eb300000,0x00000000eb47f198,0x00000000eb480000)
  to   space 2048K, 0% used [0x00000000eb100000,0x00000000eb100000,0x00000000eb300000)
 ParOldGen       total 102912K, used 101596K [0x00000000c0000000, 0x00000000c6480000, 0x00000000eab00000)
  object space 102912K, 98% used [0x00000000c0000000,0x00000000c6337148,0x00000000c6480000)
 Metaspace       used 60092K, committed 61376K, reserved 1114112K
  class space    used 6027K, committed 6592K, reserved 1048576K
}
Event: 29.618 GC heap after
{Heap after GC invocations=68 (full 3):
 PSYoungGen      total 7680K, used 1216K [0x00000000eab00000, 0x00000000eb400000, 0x0000000100000000)
  eden space 6144K, 0% used [0x00000000eab00000,0x00000000eab00000,0x00000000eb100000)
  from space 1536K, 79% used [0x00000000eb100000,0x00000000eb230010,0x00000000eb280000)
  to   space 1536K, 0% used [0x00000000eb280000,0x00000000eb280000,0x00000000eb400000)
 ParOldGen       total 103424K, used 103005K [0x00000000c0000000, 0x00000000c6500000, 0x00000000eab00000)
  object space 103424K, 99% used [0x00000000c0000000,0x00000000c6497618,0x00000000c6500000)
 Metaspace       used 60092K, committed 61376K, reserved 1114112K
  class space    used 6027K, committed 6592K, reserved 1048576K
}
Event: 29.698 GC heap before
{Heap before GC invocations=69 (full 3):
 PSYoungGen      total 7680K, used 7360K [0x00000000eab00000, 0x00000000eb400000, 0x0000000100000000)
  eden space 6144K, 100% used [0x00000000eab00000,0x00000000eb100000,0x00000000eb100000)
  from space 1536K, 79% used [0x00000000eb100000,0x00000000eb230010,0x00000000eb280000)
  to   space 1536K, 0% used [0x00000000eb280000,0x00000000eb280000,0x00000000eb400000)
 ParOldGen       total 103424K, used 103005K [0x00000000c0000000, 0x00000000c6500000, 0x00000000eab00000)
  object space 103424K, 99% used [0x00000000c0000000,0x00000000c6497618,0x00000000c6500000)
 Metaspace       used 60169K, committed 61504K, reserved 1114112K
  class space    used 6028K, committed 6592K, reserved 1048576K
}
Event: 29.701 GC heap after
{Heap after GC invocations=69 (full 3):
 PSYoungGen      total 7680K, used 1289K [0x00000000eab00000, 0x00000000eb400000, 0x0000000100000000)
  eden space 6144K, 0% used [0x00000000eab00000,0x00000000eab00000,0x00000000eb100000)
  from space 1536K, 83% used [0x00000000eb280000,0x00000000eb3c2588,0x00000000eb400000)
  to   space 1536K, 0% used [0x00000000eb100000,0x00000000eb100000,0x00000000eb280000)
 ParOldGen       total 104448K, used 104137K [0x00000000c0000000, 0x00000000c6600000, 0x00000000eab00000)
  object space 104448K, 99% used [0x00000000c0000000,0x00000000c65b2520,0x00000000c6600000)
 Metaspace       used 60169K, committed 61504K, reserved 1114112K
  class space    used 6028K, committed 6592K, reserved 1048576K
}
Event: 29.851 GC heap before
{Heap before GC invocations=70 (full 3):
 PSYoungGen      total 7680K, used 7433K [0x00000000eab00000, 0x00000000eb400000, 0x0000000100000000)
  eden space 6144K, 100% used [0x00000000eab00000,0x00000000eb100000,0x00000000eb100000)
  from space 1536K, 83% used [0x00000000eb280000,0x00000000eb3c2588,0x00000000eb400000)
  to   space 1536K, 0% used [0x00000000eb100000,0x00000000eb100000,0x00000000eb280000)
 ParOldGen       total 104448K, used 104137K [0x00000000c0000000, 0x00000000c6600000, 0x00000000eab00000)
  object space 104448K, 99% used [0x00000000c0000000,0x00000000c65b2520,0x00000000c6600000)
 Metaspace       used 60216K, committed 61504K, reserved 1114112K
  class space    used 6028K, committed 6592K, reserved 1048576K
}
Event: 29.857 GC heap after
{Heap after GC invocations=70 (full 3):
 PSYoungGen      total 7680K, used 1104K [0x00000000eab00000, 0x00000000eb400000, 0x0000000100000000)
  eden space 6144K, 0% used [0x00000000eab00000,0x00000000eab00000,0x00000000eb100000)
  from space 1536K, 71% used [0x00000000eb100000,0x00000000eb214268,0x00000000eb280000)
  to   space 1536K, 0% used [0x00000000eb280000,0x00000000eb280000,0x00000000eb400000)
 ParOldGen       total 105472K, used 105335K [0x00000000c0000000, 0x00000000c6700000, 0x00000000eab00000)
  object space 105472K, 99% used [0x00000000c0000000,0x00000000c66ddef0,0x00000000c6700000)
 Metaspace       used 60216K, committed 61504K, reserved 1114112K
  class space    used 6028K, committed 6592K, reserved 1048576K
}
Event: 30.027 GC heap before
{Heap before GC invocations=71 (full 3):
 PSYoungGen      total 7680K, used 7248K [0x00000000eab00000, 0x00000000eb400000, 0x0000000100000000)
  eden space 6144K, 100% used [0x00000000eab00000,0x00000000eb100000,0x00000000eb100000)
  from space 1536K, 71% used [0x00000000eb100000,0x00000000eb214268,0x00000000eb280000)
  to   space 1536K, 0% used [0x00000000eb280000,0x00000000eb280000,0x00000000eb400000)
 ParOldGen       total 105472K, used 105335K [0x00000000c0000000, 0x00000000c6700000, 0x00000000eab00000)
  object space 105472K, 99% used [0x00000000c0000000,0x00000000c66ddef0,0x00000000c6700000)
 Metaspace       used 60297K, committed 61568K, reserved 1114112K
  class space    used 6028K, committed 6592K, reserved 1048576K
}
Event: 30.030 GC heap after
{Heap after GC invocations=71 (full 3):
 PSYoungGen      total 7680K, used 992K [0x00000000eab00000, 0x00000000eb400000, 0x0000000100000000)
  eden space 6144K, 0% used [0x00000000eab00000,0x00000000eab00000,0x00000000eb100000)
  from space 1536K, 64% used [0x00000000eb280000,0x00000000eb378000,0x00000000eb400000)
  to   space 1536K, 0% used [0x00000000eb100000,0x00000000eb100000,0x00000000eb280000)
 ParOldGen       total 106496K, used 106322K [0x00000000c0000000, 0x00000000c6800000, 0x00000000eab00000)
  object space 106496K, 99% used [0x00000000c0000000,0x00000000c67d4bd0,0x00000000c6800000)
 Metaspace       used 60297K, committed 61568K, reserved 1114112K
  class space    used 6028K, committed 6592K, reserved 1048576K
}
Event: 30.193 GC heap before
{Heap before GC invocations=72 (full 3):
 PSYoungGen      total 7680K, used 7136K [0x00000000eab00000, 0x00000000eb400000, 0x0000000100000000)
  eden space 6144K, 100% used [0x00000000eab00000,0x00000000eb100000,0x00000000eb100000)
  from space 1536K, 64% used [0x00000000eb280000,0x00000000eb378000,0x00000000eb400000)
  to   space 1536K, 0% used [0x00000000eb100000,0x00000000eb100000,0x00000000eb280000)
 ParOldGen       total 106496K, used 106322K [0x00000000c0000000, 0x00000000c6800000, 0x00000000eab00000)
  object space 106496K, 99% used [0x00000000c0000000,0x00000000c67d4bd0,0x00000000c6800000)
 Metaspace       used 60345K, committed 61632K, reserved 1114112K
  class space    used 6028K, committed 6592K, reserved 1048576K
}
Event: 30.195 GC heap after
{Heap after GC invocations=72 (full 3):
 PSYoungGen      total 7680K, used 1179K [0x00000000eab00000, 0x00000000eb400000, 0x0000000100000000)
  eden space 6144K, 0% used [0x00000000eab00000,0x00000000eab00000,0x00000000eb100000)
  from space 1536K, 76% used [0x00000000eb100000,0x00000000eb226c98,0x00000000eb280000)
  to   space 1536K, 0% used [0x00000000eb280000,0x00000000eb280000,0x00000000eb400000)
 ParOldGen       total 107520K, used 107188K [0x00000000c0000000, 0x00000000c6900000, 0x00000000eab00000)
  object space 107520K, 99% used [0x00000000c0000000,0x00000000c68ad168,0x00000000c6900000)
 Metaspace       used 60345K, committed 61632K, reserved 1114112K
  class space    used 6028K, committed 6592K, reserved 1048576K
}
Event: 30.573 GC heap before
{Heap before GC invocations=73 (full 3):
 PSYoungGen      total 7680K, used 7323K [0x00000000eab00000, 0x00000000eb400000, 0x0000000100000000)
  eden space 6144K, 100% used [0x00000000eab00000,0x00000000eb100000,0x00000000eb100000)
  from space 1536K, 76% used [0x00000000eb100000,0x00000000eb226c98,0x00000000eb280000)
  to   space 1536K, 0% used [0x00000000eb280000,0x00000000eb280000,0x00000000eb400000)
 ParOldGen       total 107520K, used 107188K [0x00000000c0000000, 0x00000000c6900000, 0x00000000eab00000)
  object space 107520K, 99% used [0x00000000c0000000,0x00000000c68ad168,0x00000000c6900000)
 Metaspace       used 60417K, committed 61696K, reserved 1114112K
  class space    used 6028K, committed 6592K, reserved 1048576K
}
Event: 30.577 GC heap after
{Heap after GC invocations=73 (full 3):
 PSYoungGen      total 7168K, used 928K [0x00000000eab00000, 0x00000000eb380000, 0x0000000100000000)
  eden space 6144K, 0% used [0x00000000eab00000,0x00000000eab00000,0x00000000eb100000)
  from space 1024K, 90% used [0x00000000eb280000,0x00000000eb368000,0x00000000eb380000)
  to   space 1024K, 0% used [0x00000000eb180000,0x00000000eb180000,0x00000000eb280000)
 ParOldGen       total 108544K, used 108263K [0x00000000c0000000, 0x00000000c6a00000, 0x00000000eab00000)
  object space 108544K, 99% used [0x00000000c0000000,0x00000000c69b9e38,0x00000000c6a00000)
 Metaspace       used 60417K, committed 61696K, reserved 1114112K
  class space    used 6028K, committed 6592K, reserved 1048576K
}
Event: 30.780 GC heap before
{Heap before GC invocations=74 (full 3):
 PSYoungGen      total 7168K, used 7050K [0x00000000eab00000, 0x00000000eb380000, 0x0000000100000000)
  eden space 6144K, 99% used [0x00000000eab00000,0x00000000eb0fab28,0x00000000eb100000)
  from space 1024K, 90% used [0x00000000eb280000,0x00000000eb368000,0x00000000eb380000)
  to   space 1024K, 0% used [0x00000000eb180000,0x00000000eb180000,0x00000000eb280000)
 ParOldGen       total 108544K, used 108263K [0x00000000c0000000, 0x00000000c6a00000, 0x00000000eab00000)
  object space 108544K, 99% used [0x00000000c0000000,0x00000000c69b9e38,0x00000000c6a00000)
 Metaspace       used 60479K, committed 61760K, reserved 1114112K
  class space    used 6032K, committed 6592K, reserved 1048576K
}
Event: 30.784 GC heap after
{Heap after GC invocations=74 (full 3):
 PSYoungGen      total 7168K, used 1009K [0x00000000eab00000, 0x00000000eb600000, 0x0000000100000000)
  eden space 6144K, 0% used [0x00000000eab00000,0x00000000eab00000,0x00000000eb100000)
  from space 1024K, 98% used [0x00000000eb180000,0x00000000eb27c5a0,0x00000000eb280000)
  to   space 2560K, 0% used [0x00000000eb380000,0x00000000eb380000,0x00000000eb600000)
 ParOldGen       total 109568K, used 109226K [0x00000000c0000000, 0x00000000c6b00000, 0x00000000eab00000)
  object space 109568K, 99% used [0x00000000c0000000,0x00000000c6aaaba8,0x00000000c6b00000)
 Metaspace       used 60479K, committed 61760K, reserved 1114112K
  class space    used 6032K, committed 6592K, reserved 1048576K
}
Event: 30.999 GC heap before
{Heap before GC invocations=75 (full 3):
 PSYoungGen      total 7168K, used 7153K [0x00000000eab00000, 0x00000000eb600000, 0x0000000100000000)
  eden space 6144K, 100% used [0x00000000eab00000,0x00000000eb100000,0x00000000eb100000)
  from space 1024K, 98% used [0x00000000eb180000,0x00000000eb27c5a0,0x00000000eb280000)
  to   space 2560K, 0% used [0x00000000eb380000,0x00000000eb380000,0x00000000eb600000)
 ParOldGen       total 109568K, used 109226K [0x00000000c0000000, 0x00000000c6b00000, 0x00000000eab00000)
  object space 109568K, 99% used [0x00000000c0000000,0x00000000c6aaaba8,0x00000000c6b00000)
 Metaspace       used 60650K, committed 61952K, reserved 1114112K
  class space    used 6041K, committed 6656K, reserved 1048576K
}
Event: 31.003 GC heap after
{Heap after GC invocations=75 (full 3):
 PSYoungGen      total 7680K, used 1436K [0x00000000eab00000, 0x00000000eb500000, 0x0000000100000000)
  eden space 6144K, 0% used [0x00000000eab00000,0x00000000eab00000,0x00000000eb100000)
  from space 1536K, 93% used [0x00000000eb380000,0x00000000eb4e7330,0x00000000eb500000)
  to   space 2048K, 0% used [0x00000000eb100000,0x00000000eb100000,0x00000000eb300000)
 ParOldGen       total 110592K, used 110194K [0x00000000c0000000, 0x00000000c6c00000, 0x00000000eab00000)
  object space 110592K, 99% used [0x00000000c0000000,0x00000000c6b9c980,0x00000000c6c00000)
 Metaspace       used 60650K, committed 61952K, reserved 1114112K
  class space    used 6041K, committed 6656K, reserved 1048576K
}
Event: 31.101 GC heap before
{Heap before GC invocations=76 (full 3):
 PSYoungGen      total 7680K, used 7580K [0x00000000eab00000, 0x00000000eb500000, 0x0000000100000000)
  eden space 6144K, 100% used [0x00000000eab00000,0x00000000eb100000,0x00000000eb100000)
  from space 1536K, 93% used [0x00000000eb380000,0x00000000eb4e7330,0x00000000eb500000)
  to   space 2048K, 0% used [0x00000000eb100000,0x00000000eb100000,0x00000000eb300000)
 ParOldGen       total 110592K, used 110194K [0x00000000c0000000, 0x00000000c6c00000, 0x00000000eab00000)
  object space 110592K, 99% used [0x00000000c0000000,0x00000000c6b9c980,0x00000000c6c00000)
 Metaspace       used 60650K, committed 61952K, reserved 1114112K
  class space    used 6041K, committed 6656K, reserved 1048576K
}
Event: 31.104 GC heap after
{Heap after GC invocations=76 (full 3):
 PSYoungGen      total 8192K, used 2030K [0x00000000eab00000, 0x00000000eba00000, 0x0000000100000000)
  eden space 6144K, 0% used [0x00000000eab00000,0x00000000eab00000,0x00000000eb100000)
  from space 2048K, 99% used [0x00000000eb100000,0x00000000eb2fb8d0,0x00000000eb300000)
  to   space 4608K, 0% used [0x00000000eb580000,0x00000000eb580000,0x00000000eba00000)
 ParOldGen       total 112640K, used 112304K [0x00000000c0000000, 0x00000000c6e00000, 0x00000000eab00000)
  object space 112640K, 99% used [0x00000000c0000000,0x00000000c6dac018,0x00000000c6e00000)
 Metaspace       used 60650K, committed 61952K, reserved 1114112K
  class space    used 6041K, committed 6656K, reserved 1048576K
}

