# JRE version: OpenJDK Runtime Environment Temurin-21.0.7+6 (21.0.7+6) (build 21.0.7+6-LTS)
# Java VM: OpenJDK 64-Bit Server VM Temurin-21.0.7+6 (21.0.7+6-LTS, mixed mode, sharing, tiered, compressed oops, compressed class ptrs, parallel gc, windows-amd64)
GC Precious Log:
 CardTable entry size: 512
 CPUs: 4 total, 4 available
 Memory: 3784M
 Large Page Support: Disabled
 NUMA Support: Disabled
 Compressed Oops: Enabled (32-bit)
 Alignments: Space 512K, Generation 512K, Heap 2M
 Heap Min Capacity: 100M
 Heap Initial Capacity: 100M
 Heap Max Capacity: 1G
 Pre-touch: Disabled
 Parallel Workers: 4
Heap:
 PSYoungGen      total 8192K, used 7231K [0x00000000eab00000, 0x00000000eb580000, 0x0000000100000000)
  eden space 6656K, 89% used [0x00000000eab00000,0x00000000eb0d8248,0x00000000eb180000)
  from space 1536K, 81% used [0x00000000eb400000,0x00000000eb537d78,0x00000000eb580000)
  to   space 1536K, 0% used [0x00000000eb180000,0x00000000eb180000,0x00000000eb300000)
 ParOldGen       total 132608K, used 132486K [0x00000000c0000000, 0x00000000c8180000, 0x00000000eab00000)
  object space 132608K, 99% used [0x00000000c0000000,0x00000000c8161b28,0x00000000c8180000)
 Metaspace       used 60910K, committed 62208K, reserved 1114112K
  class space    used 6057K, committed 6656K, reserved 1048576K
GC Heap History (20 events):
Event: 122.571 GC heap before
{Heap before GC invocations=74 (full 3):
 PSYoungGen      total 9728K, used 9188K [0x00000000eab00000, 0x00000000eb680000, 0x0000000100000000)
  eden space 7680K, 100% used [0x00000000eab00000,0x00000000eb280000,0x00000000eb280000)
  from space 2048K, 73% used [0x00000000eb480000,0x00000000eb5f9190,0x00000000eb680000)
  to   space 2048K, 0% used [0x00000000eb280000,0x00000000eb280000,0x00000000eb480000)
 ParOldGen       total 120320K, used 119831K [0x00000000c0000000, 0x00000000c7580000, 0x00000000eab00000)
  object space 120320K, 99% used [0x00000000c0000000,0x00000000c7505eb0,0x00000000c7580000)
 Metaspace       used 60473K, committed 61824K, reserved 1114112K
  class space    used 6038K, committed 6656K, reserved 1048576K
}
Event: 122.576 GC heap after
{Heap after GC invocations=74 (full 3):
 PSYoungGen      total 9728K, used 1614K [0x00000000eab00000, 0x00000000eb680000, 0x0000000100000000)
  eden space 7680K, 0% used [0x00000000eab00000,0x00000000eab00000,0x00000000eb280000)
  from space 2048K, 78% used [0x00000000eb280000,0x00000000eb413920,0x00000000eb480000)
  to   space 2048K, 0% used [0x00000000eb480000,0x00000000eb480000,0x00000000eb680000)
 ParOldGen       total 121344K, used 121243K [0x00000000c0000000, 0x00000000c7680000, 0x00000000eab00000)
  object space 121344K, 99% used [0x00000000c0000000,0x00000000c7666da8,0x00000000c7680000)
 Metaspace       used 60473K, committed 61824K, reserved 1114112K
  class space    used 6038K, committed 6656K, reserved 1048576K
}
Event: 123.687 GC heap before
{Heap before GC invocations=75 (full 3):
 PSYoungGen      total 9728K, used 9294K [0x00000000eab00000, 0x00000000eb680000, 0x0000000100000000)
  eden space 7680K, 100% used [0x00000000eab00000,0x00000000eb280000,0x00000000eb280000)
  from space 2048K, 78% used [0x00000000eb280000,0x00000000eb413920,0x00000000eb480000)
  to   space 2048K, 0% used [0x00000000eb480000,0x00000000eb480000,0x00000000eb680000)
 ParOldGen       total 121344K, used 121243K [0x00000000c0000000, 0x00000000c7680000, 0x00000000eab00000)
  object space 121344K, 99% used [0x00000000c0000000,0x00000000c7666da8,0x00000000c7680000)
 Metaspace       used 60518K, committed 61888K, reserved 1114112K
  class space    used 6038K, committed 6656K, reserved 1048576K
}
Event: 123.698 GC heap after
{Heap after GC invocations=75 (full 3):
 PSYoungGen      total 9216K, used 1264K [0x00000000eab00000, 0x00000000eb600000, 0x0000000100000000)
  eden space 7680K, 0% used [0x00000000eab00000,0x00000000eab00000,0x00000000eb280000)
  from space 1536K, 82% used [0x00000000eb480000,0x00000000eb5bc200,0x00000000eb600000)
  to   space 1536K, 0% used [0x00000000eb300000,0x00000000eb300000,0x00000000eb480000)
 ParOldGen       total 122880K, used 122702K [0x00000000c0000000, 0x00000000c7800000, 0x00000000eab00000)
  object space 122880K, 99% used [0x00000000c0000000,0x00000000c77d38b0,0x00000000c7800000)
 Metaspace       used 60518K, committed 61888K, reserved 1114112K
  class space    used 6038K, committed 6656K, reserved 1048576K
}
Event: 124.232 GC heap before
{Heap before GC invocations=76 (full 3):
 PSYoungGen      total 9216K, used 8944K [0x00000000eab00000, 0x00000000eb600000, 0x0000000100000000)
  eden space 7680K, 100% used [0x00000000eab00000,0x00000000eb280000,0x00000000eb280000)
  from space 1536K, 82% used [0x00000000eb480000,0x00000000eb5bc200,0x00000000eb600000)
  to   space 1536K, 0% used [0x00000000eb300000,0x00000000eb300000,0x00000000eb480000)
 ParOldGen       total 122880K, used 122702K [0x00000000c0000000, 0x00000000c7800000, 0x00000000eab00000)
  object space 122880K, 99% used [0x00000000c0000000,0x00000000c77d38b0,0x00000000c7800000)
 Metaspace       used 60550K, committed 61952K, reserved 1114112K
  class space    used 6038K, committed 6656K, reserved 1048576K
}
Event: 124.239 GC heap after
{Heap after GC invocations=76 (full 3):
 PSYoungGen      total 9216K, used 1280K [0x00000000eab00000, 0x00000000eb580000, 0x0000000100000000)
  eden space 7680K, 0% used [0x00000000eab00000,0x00000000eab00000,0x00000000eb280000)
  from space 1536K, 83% used [0x00000000eb300000,0x00000000eb440000,0x00000000eb480000)
  to   space 1024K, 0% used [0x00000000eb480000,0x00000000eb480000,0x00000000eb580000)
 ParOldGen       total 123904K, used 123838K [0x00000000c0000000, 0x00000000c7900000, 0x00000000eab00000)
  object space 123904K, 99% used [0x00000000c0000000,0x00000000c78efbb8,0x00000000c7900000)
 Metaspace       used 60550K, committed 61952K, reserved 1114112K
  class space    used 6038K, committed 6656K, reserved 1048576K
}
Event: 124.590 GC heap before
{Heap before GC invocations=77 (full 3):
 PSYoungGen      total 9216K, used 8960K [0x00000000eab00000, 0x00000000eb580000, 0x0000000100000000)
  eden space 7680K, 100% used [0x00000000eab00000,0x00000000eb280000,0x00000000eb280000)
  from space 1536K, 83% used [0x00000000eb300000,0x00000000eb440000,0x00000000eb480000)
  to   space 1024K, 0% used [0x00000000eb480000,0x00000000eb480000,0x00000000eb580000)
 ParOldGen       total 123904K, used 123838K [0x00000000c0000000, 0x00000000c7900000, 0x00000000eab00000)
  object space 123904K, 99% used [0x00000000c0000000,0x00000000c78efbb8,0x00000000c7900000)
 Metaspace       used 60578K, committed 61952K, reserved 1114112K
  class space    used 6038K, committed 6656K, reserved 1048576K
}
Event: 124.595 GC heap after
{Heap after GC invocations=77 (full 3):
 PSYoungGen      total 7680K, used 1024K [0x00000000eab00000, 0x00000000eb880000, 0x0000000100000000)
  eden space 6656K, 0% used [0x00000000eab00000,0x00000000eab00000,0x00000000eb180000)
  from space 1024K, 100% used [0x00000000eb480000,0x00000000eb580000,0x00000000eb580000)
  to   space 3072K, 0% used [0x00000000eb180000,0x00000000eb180000,0x00000000eb480000)
 ParOldGen       total 125440K, used 125297K [0x00000000c0000000, 0x00000000c7a80000, 0x00000000eab00000)
  object space 125440K, 99% used [0x00000000c0000000,0x00000000c7a5c790,0x00000000c7a80000)
 Metaspace       used 60578K, committed 61952K, reserved 1114112K
  class space    used 6038K, committed 6656K, reserved 1048576K
}
Event: 125.289 GC heap before
{Heap before GC invocations=78 (full 3):
 PSYoungGen      total 7680K, used 7680K [0x00000000eab00000, 0x00000000eb880000, 0x0000000100000000)
  eden space 6656K, 100% used [0x00000000eab00000,0x00000000eb180000,0x00000000eb180000)
  from space 1024K, 100% used [0x00000000eb480000,0x00000000eb580000,0x00000000eb580000)
  to   space 3072K, 0% used [0x00000000eb180000,0x00000000eb180000,0x00000000eb480000)
 ParOldGen       total 125440K, used 125297K [0x00000000c0000000, 0x00000000c7a80000, 0x00000000eab00000)
  object space 125440K, 99% used [0x00000000c0000000,0x00000000c7a5c790,0x00000000c7a80000)
 Metaspace       used 60635K, committed 62016K, reserved 1114112K
  class space    used 6041K, committed 6656K, reserved 1048576K
}
Event: 125.331 GC heap after
{Heap after GC invocations=78 (full 3):
 PSYoungGen      total 8192K, used 1297K [0x00000000eab00000, 0x00000000eb580000, 0x0000000100000000)
  eden space 6656K, 0% used [0x00000000eab00000,0x00000000eab00000,0x00000000eb180000)
  from space 1536K, 84% used [0x00000000eb180000,0x00000000eb2c4750,0x00000000eb300000)
  to   space 2048K, 0% used [0x00000000eb380000,0x00000000eb380000,0x00000000eb580000)
 ParOldGen       total 126464K, used 126314K [0x00000000c0000000, 0x00000000c7b80000, 0x00000000eab00000)
  object space 126464K, 99% used [0x00000000c0000000,0x00000000c7b5ab38,0x00000000c7b80000)
 Metaspace       used 60635K, committed 62016K, reserved 1114112K
  class space    used 6041K, committed 6656K, reserved 1048576K
}
Event: 126.395 GC heap before
{Heap before GC invocations=79 (full 3):
 PSYoungGen      total 8192K, used 7953K [0x00000000eab00000, 0x00000000eb580000, 0x0000000100000000)
  eden space 6656K, 100% used [0x00000000eab00000,0x00000000eb180000,0x00000000eb180000)
  from space 1536K, 84% used [0x00000000eb180000,0x00000000eb2c4750,0x00000000eb300000)
  to   space 2048K, 0% used [0x00000000eb380000,0x00000000eb380000,0x00000000eb580000)
 ParOldGen       total 126464K, used 126314K [0x00000000c0000000, 0x00000000c7b80000, 0x00000000eab00000)
  object space 126464K, 99% used [0x00000000c0000000,0x00000000c7b5ab38,0x00000000c7b80000)
 Metaspace       used 60655K, committed 62016K, reserved 1114112K
  class space    used 6042K, committed 6656K, reserved 1048576K
}
Event: 126.407 GC heap after
{Heap after GC invocations=79 (full 3):
 PSYoungGen      total 8704K, used 1693K [0x00000000eab00000, 0x00000000eb580000, 0x0000000100000000)
  eden space 6656K, 0% used [0x00000000eab00000,0x00000000eab00000,0x00000000eb180000)
  from space 2048K, 82% used [0x00000000eb380000,0x00000000eb5276c8,0x00000000eb580000)
  to   space 2048K, 0% used [0x00000000eb180000,0x00000000eb180000,0x00000000eb380000)
 ParOldGen       total 128000K, used 127542K [0x00000000c0000000, 0x00000000c7d00000, 0x00000000eab00000)
  object space 128000K, 99% used [0x00000000c0000000,0x00000000c7c8d9b0,0x00000000c7d00000)
 Metaspace       used 60655K, committed 62016K, reserved 1114112K
  class space    used 6042K, committed 6656K, reserved 1048576K
}
Event: 127.982 GC heap before
{Heap before GC invocations=80 (full 3):
 PSYoungGen      total 8704K, used 8346K [0x00000000eab00000, 0x00000000eb580000, 0x0000000100000000)
  eden space 6656K, 99% used [0x00000000eab00000,0x00000000eb17f4f0,0x00000000eb180000)
  from space 2048K, 82% used [0x00000000eb380000,0x00000000eb5276c8,0x00000000eb580000)
  to   space 2048K, 0% used [0x00000000eb180000,0x00000000eb180000,0x00000000eb380000)
 ParOldGen       total 128000K, used 127542K [0x00000000c0000000, 0x00000000c7d00000, 0x00000000eab00000)
  object space 128000K, 99% used [0x00000000c0000000,0x00000000c7c8d9b0,0x00000000c7d00000)
 Metaspace       used 60795K, committed 62144K, reserved 1114112K
  class space    used 6049K, committed 6656K, reserved 1048576K
}
Event: 128.011 GC heap after
{Heap after GC invocations=80 (full 3):
 PSYoungGen      total 8704K, used 2029K [0x00000000eab00000, 0x00000000eb980000, 0x0000000100000000)
  eden space 6656K, 0% used [0x00000000eab00000,0x00000000eab00000,0x00000000eb180000)
  from space 2048K, 99% used [0x00000000eb180000,0x00000000eb37b548,0x00000000eb380000)
  to   space 4096K, 0% used [0x00000000eb580000,0x00000000eb580000,0x00000000eb980000)
 ParOldGen       total 129536K, used 129059K [0x00000000c0000000, 0x00000000c7e80000, 0x00000000eab00000)
  object space 129536K, 99% used [0x00000000c0000000,0x00000000c7e08c58,0x00000000c7e80000)
 Metaspace       used 60795K, committed 62144K, reserved 1114112K
  class space    used 6049K, committed 6656K, reserved 1048576K
}
Event: 128.901 GC heap before
{Heap before GC invocations=81 (full 3):
 PSYoungGen      total 8704K, used 8685K [0x00000000eab00000, 0x00000000eb980000, 0x0000000100000000)
  eden space 6656K, 100% used [0x00000000eab00000,0x00000000eb180000,0x00000000eb180000)
  from space 2048K, 99% used [0x00000000eb180000,0x00000000eb37b548,0x00000000eb380000)
  to   space 4096K, 0% used [0x00000000eb580000,0x00000000eb580000,0x00000000eb980000)
 ParOldGen       total 129536K, used 129059K [0x00000000c0000000, 0x00000000c7e80000, 0x00000000eab00000)
  object space 129536K, 99% used [0x00000000c0000000,0x00000000c7e08c58,0x00000000c7e80000)
 Metaspace       used 60797K, committed 62144K, reserved 1114112K
  class space    used 6049K, committed 6656K, reserved 1048576K
}
Event: 128.912 GC heap after
{Heap after GC invocations=81 (full 3):
 PSYoungGen      total 10752K, used 3888K [0x00000000eab00000, 0x00000000eb980000, 0x0000000100000000)
  eden space 6656K, 0% used [0x00000000eab00000,0x00000000eab00000,0x00000000eb180000)
  from space 4096K, 94% used [0x00000000eb580000,0x00000000eb94c0e0,0x00000000eb980000)
  to   space 4096K, 0% used [0x00000000eb180000,0x00000000eb180000,0x00000000eb580000)
 ParOldGen       total 131072K, used 131029K [0x00000000c0000000, 0x00000000c8000000, 0x00000000eab00000)
  object space 131072K, 99% used [0x00000000c0000000,0x00000000c7ff5730,0x00000000c8000000)
 Metaspace       used 60797K, committed 62144K, reserved 1114112K
  class space    used 6049K, committed 6656K, reserved 1048576K
}
Event: 132.366 GC heap before
{Heap before GC invocations=82 (full 3):
 PSYoungGen      total 10752K, used 10544K [0x00000000eab00000, 0x00000000eb980000, 0x0000000100000000)
  eden space 6656K, 100% used [0x00000000eab00000,0x00000000eb180000,0x00000000eb180000)
  from space 4096K, 94% used [0x00000000eb580000,0x00000000eb94c0e0,0x00000000eb980000)
  to   space 4096K, 0% used [0x00000000eb180000,0x00000000eb180000,0x00000000eb580000)
 ParOldGen       total 131072K, used 131029K [0x00000000c0000000, 0x00000000c8000000, 0x00000000eab00000)
  object space 131072K, 99% used [0x00000000c0000000,0x00000000c7ff5730,0x00000000c8000000)
 Metaspace       used 60873K, committed 62208K, reserved 1114112K
  class space    used 6056K, committed 6656K, reserved 1048576K
}
Event: 132.412 GC heap after
{Heap after GC invocations=82 (full 3):
 PSYoungGen      total 8192K, used 1268K [0x00000000eab00000, 0x00000000eb680000, 0x0000000100000000)
  eden space 6656K, 0% used [0x00000000eab00000,0x00000000eab00000,0x00000000eb180000)
  from space 1536K, 82% used [0x00000000eb180000,0x00000000eb2bd108,0x00000000eb300000)
  to   space 2560K, 0% used [0x00000000eb400000,0x00000000eb400000,0x00000000eb680000)
 ParOldGen       total 131584K, used 131302K [0x00000000c0000000, 0x00000000c8080000, 0x00000000eab00000)
  object space 131584K, 99% used [0x00000000c0000000,0x00000000c8039910,0x00000000c8080000)
 Metaspace       used 60873K, committed 62208K, reserved 1114112K
  class space    used 6056K, committed 6656K, reserved 1048576K
}
Event: 137.279 GC heap before
{Heap before GC invocations=83 (full 3):
 PSYoungGen      total 8192K, used 7924K [0x00000000eab00000, 0x00000000eb680000, 0x0000000100000000)
  eden space 6656K, 100% used [0x00000000eab00000,0x00000000eb180000,0x00000000eb180000)
  from space 1536K, 82% used [0x00000000eb180000,0x00000000eb2bd108,0x00000000eb300000)
  to   space 2560K, 0% used [0x00000000eb400000,0x00000000eb400000,0x00000000eb680000)
 ParOldGen       total 131584K, used 131302K [0x00000000c0000000, 0x00000000c8080000, 0x00000000eab00000)
  object space 131584K, 99% used [0x00000000c0000000,0x00000000c8039910,0x00000000c8080000)
 Metaspace       used 60903K, committed 62208K, reserved 1114112K
  class space    used 6057K, committed 6656K, reserved 1048576K
}
Event: 137.298 GC heap after
{Heap after GC invocations=83 (full 3):
 PSYoungGen      total 8192K, used 1247K [0x00000000eab00000, 0x00000000eb580000, 0x0000000100000000)
  eden space 6656K, 0% used [0x00000000eab00000,0x00000000eab00000,0x00000000eb180000)
  from space 1536K, 81% used [0x00000000eb400000,0x00000000eb537d78,0x00000000eb580000)
  to   space 1536K, 0% used [0x00000000eb180000,0x00000000eb180000,0x00000000eb300000)
 ParOldGen       total 132608K, used 132486K [0x00000000c0000000, 0x00000000c8180000, 0x00000000eab00000)
  object space 132608K, 99% used [0x00000000c0000000,0x00000000c8161b28,0x00000000c8180000)
 Metaspace       used 60903K, committed 62208K, reserved 1114112K
  class space    used 6057K, committed 6656K, reserved 1048576K
}

