<?xml version="1.0" encoding="UTF-8"?>
<testsuite xmlns:xsi="http://www.w3.org/2001/XMLSchema-instance" xsi:noNamespaceSchemaLocation="https://maven.apache.org/surefire/maven-surefire-plugin/xsd/surefire-test-report-3.0.xsd" version="3.0" name="com.project.nmcnpm.NmcnpmApplicationTests" time="10.316" tests="1" errors="0" skipped="0" failures="0">
  <properties>
[...]
</properties>
  <testcase name="contextLoads" classname="com.project.nmcnpm.NmcnpmApplicationTests" time="0.482">
    <system-out><![CDATA[12:41:21.046 [main] INFO org.springframework.test.context.support.AnnotationConfigContextLoaderUtils -- Could not detect default configuration classes for test class [com.project.nmcnpm.NmcnpmApplicationTests]: NmcnpmApplicationTests does not declare any static, non-private, non-final, nested classes annotated with @Configuration.
12:41:21.125 [main] INFO org.springframework.boot.test.context.SpringBootTestContextBootstrapper -- Found @SpringBootConfiguration com.project.nmcnpm.ECommerceApplication for test class com.project.nmcnpm.NmcnpmApplicationTests

  .   ____          _            __ _ _
 /\\ / ___'_ __ _ _(_)_ __  __ _ \ \ \ \
( ( )\___ | '_ | '_| | '_ \/ _` | \ \ \ \
 \\/  ___)| |_)| | | | | || (_| |  ) ) ) )
  '  |____| .__|_| |_|_| |_\__, | / / / /
 =========|_|==============|___/=/_/_/_/
 :: Spring Boot ::                (v3.1.2)

2025-06-07T12:41:21.573+07:00  INFO 22948 --- [           main] c.project.nmcnpm.NmcnpmApplicationTests  : Starting NmcnpmApplicationTests using Java 17.0.12 with PID 22948 (started by ASUS in C:\Users\ASUS\Desktop\cnpm7\SanThuongMaiDienTu\nmcnpm\nmcnpm)
2025-06-07T12:41:21.575+07:00  INFO 22948 --- [           main] c.project.nmcnpm.NmcnpmApplicationTests  : No active profile set, falling back to 1 default profile: "default"
2025-06-07T12:41:22.384+07:00  INFO 22948 --- [           main] .s.d.r.c.RepositoryConfigurationDelegate : Bootstrapping Spring Data JPA repositories in DEFAULT mode.
2025-06-07T12:41:22.505+07:00  INFO 22948 --- [           main] .s.d.r.c.RepositoryConfigurationDelegate : Finished Spring Data repository scanning in 115 ms. Found 23 JPA repository interfaces.
2025-06-07T12:41:22.937+07:00 DEBUG 22948 --- [           main] com.zaxxer.hikari.HikariConfig           : Driver class com.mysql.cj.jdbc.Driver found in Thread context class loader jdk.internal.loader.ClassLoaders$AppClassLoader@73d16e93
2025-06-07T12:41:23.125+07:00  INFO 22948 --- [           main] o.hibernate.jpa.internal.util.LogHelper  : HHH000204: Processing PersistenceUnitInfo [name: default]
2025-06-07T12:41:23.234+07:00  INFO 22948 --- [           main] org.hibernate.Version                    : HHH000412: Hibernate ORM core version 6.2.6.Final
2025-06-07T12:41:23.236+07:00  INFO 22948 --- [           main] org.hibernate.cfg.Environment            : HHH000406: Using bytecode reflection optimizer
2025-06-07T12:41:23.454+07:00  INFO 22948 --- [           main] o.h.b.i.BytecodeProviderInitiator        : HHH000021: Bytecode provider name : bytebuddy
2025-06-07T12:41:23.584+07:00  INFO 22948 --- [           main] o.s.o.j.p.SpringPersistenceUnitInfo      : No LoadTimeWeaver setup: ignoring JPA class transformer
2025-06-07T12:41:23.595+07:00  WARN 22948 --- [           main] com.zaxxer.hikari.HikariConfig           : HikariPool-1 - idleTimeout has been set but has no effect because the pool is operating as a fixed size pool.
2025-06-07T12:41:23.595+07:00 DEBUG 22948 --- [           main] com.zaxxer.hikari.HikariConfig           : HikariPool-1 - configuration:
2025-06-07T12:41:23.600+07:00 DEBUG 22948 --- [           main] com.zaxxer.hikari.HikariConfig           : allowPoolSuspension.............false
2025-06-07T12:41:23.600+07:00 DEBUG 22948 --- [           main] com.zaxxer.hikari.HikariConfig           : autoCommit......................true
2025-06-07T12:41:23.600+07:00 DEBUG 22948 --- [           main] com.zaxxer.hikari.HikariConfig           : catalog.........................none
2025-06-07T12:41:23.600+07:00 DEBUG 22948 --- [           main] com.zaxxer.hikari.HikariConfig           : connectionInitSql...............none
2025-06-07T12:41:23.600+07:00 DEBUG 22948 --- [           main] com.zaxxer.hikari.HikariConfig           : connectionTestQuery.............none
2025-06-07T12:41:23.600+07:00 DEBUG 22948 --- [           main] com.zaxxer.hikari.HikariConfig           : connectionTimeout...............30000
2025-06-07T12:41:23.600+07:00 DEBUG 22948 --- [           main] com.zaxxer.hikari.HikariConfig           : dataSource......................none
2025-06-07T12:41:23.600+07:00 DEBUG 22948 --- [           main] com.zaxxer.hikari.HikariConfig           : dataSourceClassName.............none
2025-06-07T12:41:23.600+07:00 DEBUG 22948 --- [           main] com.zaxxer.hikari.HikariConfig           : dataSourceJNDI..................none
2025-06-07T12:41:23.601+07:00 DEBUG 22948 --- [           main] com.zaxxer.hikari.HikariConfig           : dataSourceProperties............{password=<masked>}
2025-06-07T12:41:23.601+07:00 DEBUG 22948 --- [           main] com.zaxxer.hikari.HikariConfig           : driverClassName................."com.mysql.cj.jdbc.Driver"
2025-06-07T12:41:23.601+07:00 DEBUG 22948 --- [           main] com.zaxxer.hikari.HikariConfig           : exceptionOverrideClassName......none
2025-06-07T12:41:23.601+07:00 DEBUG 22948 --- [           main] com.zaxxer.hikari.HikariConfig           : healthCheckProperties...........{}
2025-06-07T12:41:23.601+07:00 DEBUG 22948 --- [           main] com.zaxxer.hikari.HikariConfig           : healthCheckRegistry.............none
2025-06-07T12:41:23.602+07:00 DEBUG 22948 --- [           main] com.zaxxer.hikari.HikariConfig           : idleTimeout.....................10000
2025-06-07T12:41:23.602+07:00 DEBUG 22948 --- [           main] com.zaxxer.hikari.HikariConfig           : initializationFailTimeout.......1
2025-06-07T12:41:23.602+07:00 DEBUG 22948 --- [           main] com.zaxxer.hikari.HikariConfig           : isolateInternalQueries..........false
2025-06-07T12:41:23.602+07:00 DEBUG 22948 --- [           main] com.zaxxer.hikari.HikariConfig           : jdbcUrl.........................jdbc:mysql://gvdp4.h.filess.io:61002/shopdb_lookwordno
2025-06-07T12:41:23.602+07:00 DEBUG 22948 --- [           main] com.zaxxer.hikari.HikariConfig           : keepaliveTime...................0
2025-06-07T12:41:23.602+07:00 DEBUG 22948 --- [           main] com.zaxxer.hikari.HikariConfig           : leakDetectionThreshold..........0
2025-06-07T12:41:23.602+07:00 DEBUG 22948 --- [           main] com.zaxxer.hikari.HikariConfig           : maxLifetime.....................30000
2025-06-07T12:41:23.602+07:00 DEBUG 22948 --- [           main] com.zaxxer.hikari.HikariConfig           : maximumPoolSize.................1
2025-06-07T12:41:23.602+07:00 DEBUG 22948 --- [           main] com.zaxxer.hikari.HikariConfig           : metricRegistry..................none
2025-06-07T12:41:23.603+07:00 DEBUG 22948 --- [           main] com.zaxxer.hikari.HikariConfig           : metricsTrackerFactory...........none
2025-06-07T12:41:23.603+07:00 DEBUG 22948 --- [           main] com.zaxxer.hikari.HikariConfig           : minimumIdle.....................1
2025-06-07T12:41:23.603+07:00 DEBUG 22948 --- [           main] com.zaxxer.hikari.HikariConfig           : password........................<masked>
2025-06-07T12:41:23.603+07:00 DEBUG 22948 --- [           main] com.zaxxer.hikari.HikariConfig           : poolName........................"HikariPool-1"
2025-06-07T12:41:23.603+07:00 DEBUG 22948 --- [           main] com.zaxxer.hikari.HikariConfig           : readOnly........................false
2025-06-07T12:41:23.603+07:00 DEBUG 22948 --- [           main] com.zaxxer.hikari.HikariConfig           : registerMbeans..................false
2025-06-07T12:41:23.603+07:00 DEBUG 22948 --- [           main] com.zaxxer.hikari.HikariConfig           : scheduledExecutor...............none
2025-06-07T12:41:23.603+07:00 DEBUG 22948 --- [           main] com.zaxxer.hikari.HikariConfig           : schema..........................none
2025-06-07T12:41:23.604+07:00 DEBUG 22948 --- [           main] com.zaxxer.hikari.HikariConfig           : threadFactory...................internal
2025-06-07T12:41:23.604+07:00 DEBUG 22948 --- [           main] com.zaxxer.hikari.HikariConfig           : transactionIsolation............default
2025-06-07T12:41:23.604+07:00 DEBUG 22948 --- [           main] com.zaxxer.hikari.HikariConfig           : username........................"shopdb_lookwordno"
2025-06-07T12:41:23.604+07:00 DEBUG 22948 --- [           main] com.zaxxer.hikari.HikariConfig           : validationTimeout...............5000
2025-06-07T12:41:23.604+07:00  INFO 22948 --- [           main] com.zaxxer.hikari.HikariDataSource       : HikariPool-1 - Starting...
2025-06-07T12:41:26.375+07:00  INFO 22948 --- [           main] com.zaxxer.hikari.pool.HikariPool        : HikariPool-1 - Added connection com.mysql.cj.jdbc.ConnectionImpl@5d37aa0f
2025-06-07T12:41:26.378+07:00  INFO 22948 --- [           main] com.zaxxer.hikari.HikariDataSource       : HikariPool-1 - Start completed.
2025-06-07T12:41:26.491+07:00 DEBUG 22948 --- [l-1 housekeeper] com.zaxxer.hikari.pool.HikariPool        : HikariPool-1 - Pool stats (total=1, active=1, idle=0, waiting=0)
2025-06-07T12:41:26.491+07:00 DEBUG 22948 --- [l-1 housekeeper] com.zaxxer.hikari.pool.HikariPool        : HikariPool-1 - Fill pool skipped, pool has sufficient level or currently being filled (queueDepth=0).
2025-06-07T12:41:27.173+07:00  INFO 22948 --- [           main] o.h.b.i.BytecodeProviderInitiator        : HHH000021: Bytecode provider name : bytebuddy
2025-06-07T12:41:28.027+07:00  INFO 22948 --- [           main] o.h.e.t.j.p.i.JtaPlatformInitiator       : HHH000490: Using JtaPlatform implementation: [org.hibernate.engine.transaction.jta.platform.internal.NoJtaPlatform]
2025-06-07T12:41:28.029+07:00  INFO 22948 --- [           main] j.LocalContainerEntityManagerFactoryBean : Initialized JPA EntityManagerFactory for persistence unit 'default'
2025-06-07T12:41:30.717+07:00  INFO 22948 --- [           main] c.project.nmcnpm.NmcnpmApplicationTests  : Started NmcnpmApplicationTests in 9.46 seconds (process running for 10.223)
]]></system-out>
  </testcase>
</testsuite>