# JRE version: OpenJDK Runtime Environment Temurin-21.0.7+6 (21.0.7+6) (build 21.0.7+6-LTS)
# Java VM: OpenJDK 64-Bit Server VM Temurin-21.0.7+6 (21.0.7+6-LTS, mixed mode, sharing, tiered, compressed oops, compressed class ptrs, parallel gc, windows-amd64)
GC Precious Log:
 CardTable entry size: 512
 CPUs: 4 total, 4 available
 Memory: 3784M
 Large Page Support: Disabled
 NUMA Support: Disabled
 Compressed Oops: Enabled (32-bit)
 Alignments: Space 512K, Generation 512K, Heap 2M
 Heap Min Capacity: 100M
 Heap Initial Capacity: 100M
 Heap Max Capacity: 1G
 Pre-touch: Disabled
 Parallel Workers: 4
Heap:
 PSYoungGen      total 37888K, used 30992K [0x00000000eab00000, 0x00000000eee80000, 0x0000000100000000)
  eden space 21504K, 68% used [0x00000000eab00000,0x00000000eb948a68,0x00000000ec000000)
  from space 16384K, 99% used [0x00000000ec000000,0x00000000ecffb770,0x00000000ed000000)
  to   space 23040K, 0% used [0x00000000ed800000,0x00000000ed800000,0x00000000eee80000)
 ParOldGen       total 439808K, used 439532K [0x00000000c0000000, 0x00000000dad80000, 0x00000000eab00000)
  object space 439808K, 99% used [0x00000000c0000000,0x00000000dad3b1d0,0x00000000dad80000)
 Metaspace       used 64333K, committed 65856K, reserved 1114112K
  class space    used 6533K, committed 7232K, reserved 1048576K
GC Heap History (20 events):
Event: 108.771 GC heap before
{Heap before GC invocations=628 (full 4):
 PSYoungGen      total 33792K, used 31043K [0x00000000eab00000, 0x00000000ed600000, 0x0000000100000000)
  eden space 22016K, 100% used [0x00000000eab00000,0x00000000ec080000,0x00000000ec080000)
  from space 11776K, 76% used [0x00000000ec080000,0x00000000ec950c10,0x00000000ecc00000)
  to   space 10240K, 0% used [0x00000000ecc00000,0x00000000ecc00000,0x00000000ed600000)
 ParOldGen       total 420352K, used 420149K [0x00000000c0000000, 0x00000000d9a80000, 0x00000000eab00000)
  object space 420352K, 99% used [0x00000000c0000000,0x00000000d9a4d4f0,0x00000000d9a80000)
 Metaspace       used 63800K, committed 65344K, reserved 1114112K
  class space    used 6488K, committed 7168K, reserved 1048576K
}
Event: 108.777 GC heap after
{Heap after GC invocations=628 (full 4):
 PSYoungGen      total 32256K, used 8323K [0x00000000eab00000, 0x00000000ed480000, 0x0000000100000000)
  eden space 23552K, 0% used [0x00000000eab00000,0x00000000eab00000,0x00000000ec200000)
  from space 8704K, 95% used [0x00000000ecc00000,0x00000000ed420c10,0x00000000ed480000)
  to   space 9216K, 0% used [0x00000000ec280000,0x00000000ec280000,0x00000000ecb80000)
 ParOldGen       total 421376K, used 421029K [0x00000000c0000000, 0x00000000d9b80000, 0x00000000eab00000)
  object space 421376K, 99% used [0x00000000c0000000,0x00000000d9b294f0,0x00000000d9b80000)
 Metaspace       used 63800K, committed 65344K, reserved 1114112K
  class space    used 6488K, committed 7168K, reserved 1048576K
}
Event: 108.917 GC heap before
{Heap before GC invocations=629 (full 4):
 PSYoungGen      total 32256K, used 31875K [0x00000000eab00000, 0x00000000ed480000, 0x0000000100000000)
  eden space 23552K, 100% used [0x00000000eab00000,0x00000000ec200000,0x00000000ec200000)
  from space 8704K, 95% used [0x00000000ecc00000,0x00000000ed420c10,0x00000000ed480000)
  to   space 9216K, 0% used [0x00000000ec280000,0x00000000ec280000,0x00000000ecb80000)
 ParOldGen       total 421376K, used 421029K [0x00000000c0000000, 0x00000000d9b80000, 0x00000000eab00000)
  object space 421376K, 99% used [0x00000000c0000000,0x00000000d9b294f0,0x00000000d9b80000)
 Metaspace       used 63801K, committed 65344K, reserved 1114112K
  class space    used 6488K, committed 7168K, reserved 1048576K
}
Event: 108.923 GC heap after
{Heap after GC invocations=629 (full 4):
 PSYoungGen      total 33280K, used 9210K [0x00000000eab00000, 0x00000000ed780000, 0x0000000100000000)
  eden space 24064K, 0% used [0x00000000eab00000,0x00000000eab00000,0x00000000ec280000)
  from space 9216K, 99% used [0x00000000ec280000,0x00000000ecb7e8b8,0x00000000ecb80000)
  to   space 10240K, 0% used [0x00000000ecd80000,0x00000000ecd80000,0x00000000ed780000)
 ParOldGen       total 421888K, used 421765K [0x00000000c0000000, 0x00000000d9c00000, 0x00000000eab00000)
  object space 421888K, 99% used [0x00000000c0000000,0x00000000d9be14f0,0x00000000d9c00000)
 Metaspace       used 63801K, committed 65344K, reserved 1114112K
  class space    used 6488K, committed 7168K, reserved 1048576K
}
Event: 108.993 GC heap before
{Heap before GC invocations=630 (full 4):
 PSYoungGen      total 33280K, used 33274K [0x00000000eab00000, 0x00000000ed780000, 0x0000000100000000)
  eden space 24064K, 100% used [0x00000000eab00000,0x00000000ec280000,0x00000000ec280000)
  from space 9216K, 99% used [0x00000000ec280000,0x00000000ecb7e8b8,0x00000000ecb80000)
  to   space 10240K, 0% used [0x00000000ecd80000,0x00000000ecd80000,0x00000000ed780000)
 ParOldGen       total 421888K, used 421765K [0x00000000c0000000, 0x00000000d9c00000, 0x00000000eab00000)
  object space 421888K, 99% used [0x00000000c0000000,0x00000000d9be14f0,0x00000000d9c00000)
 Metaspace       used 63801K, committed 65344K, reserved 1114112K
  class space    used 6488K, committed 7168K, reserved 1048576K
}
Event: 109.002 GC heap after
{Heap after GC invocations=630 (full 4):
 PSYoungGen      total 35840K, used 9349K [0x00000000eab00000, 0x00000000ed780000, 0x0000000100000000)
  eden space 25600K, 0% used [0x00000000eab00000,0x00000000eab00000,0x00000000ec400000)
  from space 10240K, 91% used [0x00000000ecd80000,0x00000000ed6a14a8,0x00000000ed780000)
  to   space 9728K, 0% used [0x00000000ec400000,0x00000000ec400000,0x00000000ecd80000)
 ParOldGen       total 424448K, used 424096K [0x00000000c0000000, 0x00000000d9e80000, 0x00000000eab00000)
  object space 424448K, 99% used [0x00000000c0000000,0x00000000d9e28100,0x00000000d9e80000)
 Metaspace       used 63801K, committed 65344K, reserved 1114112K
  class space    used 6488K, committed 7168K, reserved 1048576K
}
Event: 109.235 GC heap before
{Heap before GC invocations=631 (full 4):
 PSYoungGen      total 35840K, used 34949K [0x00000000eab00000, 0x00000000ed780000, 0x0000000100000000)
  eden space 25600K, 100% used [0x00000000eab00000,0x00000000ec400000,0x00000000ec400000)
  from space 10240K, 91% used [0x00000000ecd80000,0x00000000ed6a14a8,0x00000000ed780000)
  to   space 9728K, 0% used [0x00000000ec400000,0x00000000ec400000,0x00000000ecd80000)
 ParOldGen       total 424448K, used 424096K [0x00000000c0000000, 0x00000000d9e80000, 0x00000000eab00000)
  object space 424448K, 99% used [0x00000000c0000000,0x00000000d9e28100,0x00000000d9e80000)
 Metaspace       used 63801K, committed 65344K, reserved 1114112K
  class space    used 6488K, committed 7168K, reserved 1048576K
}
Event: 109.243 GC heap after
{Heap after GC invocations=631 (full 4):
 PSYoungGen      total 31744K, used 5835K [0x00000000eab00000, 0x00000000ed480000, 0x0000000100000000)
  eden space 25600K, 0% used [0x00000000eab00000,0x00000000eab00000,0x00000000ec400000)
  from space 6144K, 94% used [0x00000000ec400000,0x00000000ec9b2ce0,0x00000000eca00000)
  to   space 7680K, 0% used [0x00000000ecd00000,0x00000000ecd00000,0x00000000ed480000)
 ParOldGen       total 424448K, used 424096K [0x00000000c0000000, 0x00000000d9e80000, 0x00000000eab00000)
  object space 424448K, 99% used [0x00000000c0000000,0x00000000d9e28100,0x00000000d9e80000)
 Metaspace       used 63801K, committed 65344K, reserved 1114112K
  class space    used 6488K, committed 7168K, reserved 1048576K
}
Event: 109.322 GC heap before
{Heap before GC invocations=632 (full 4):
 PSYoungGen      total 31744K, used 31435K [0x00000000eab00000, 0x00000000ed480000, 0x0000000100000000)
  eden space 25600K, 100% used [0x00000000eab00000,0x00000000ec400000,0x00000000ec400000)
  from space 6144K, 94% used [0x00000000ec400000,0x00000000ec9b2ce0,0x00000000eca00000)
  to   space 7680K, 0% used [0x00000000ecd00000,0x00000000ecd00000,0x00000000ed480000)
 ParOldGen       total 424448K, used 424096K [0x00000000c0000000, 0x00000000d9e80000, 0x00000000eab00000)
  object space 424448K, 99% used [0x00000000c0000000,0x00000000d9e28100,0x00000000d9e80000)
 Metaspace       used 63801K, committed 65344K, reserved 1114112K
  class space    used 6488K, committed 7168K, reserved 1048576K
}
Event: 109.337 GC heap after
{Heap after GC invocations=632 (full 4):
 PSYoungGen      total 34816K, used 7109K [0x00000000eab00000, 0x00000000ed500000, 0x0000000100000000)
  eden space 27136K, 0% used [0x00000000eab00000,0x00000000eab00000,0x00000000ec580000)
  from space 7680K, 92% used [0x00000000ecd00000,0x00000000ed3f14c0,0x00000000ed480000)
  to   space 7680K, 0% used [0x00000000ec580000,0x00000000ec580000,0x00000000ecd00000)
 ParOldGen       total 425984K, used 425648K [0x00000000c0000000, 0x00000000da000000, 0x00000000eab00000)
  object space 425984K, 99% used [0x00000000c0000000,0x00000000d9fac100,0x00000000da000000)
 Metaspace       used 63801K, committed 65344K, reserved 1114112K
  class space    used 6488K, committed 7168K, reserved 1048576K
}
Event: 109.494 GC heap before
{Heap before GC invocations=633 (full 4):
 PSYoungGen      total 34816K, used 34245K [0x00000000eab00000, 0x00000000ed500000, 0x0000000100000000)
  eden space 27136K, 100% used [0x00000000eab00000,0x00000000ec580000,0x00000000ec580000)
  from space 7680K, 92% used [0x00000000ecd00000,0x00000000ed3f14c0,0x00000000ed480000)
  to   space 7680K, 0% used [0x00000000ec580000,0x00000000ec580000,0x00000000ecd00000)
 ParOldGen       total 425984K, used 425648K [0x00000000c0000000, 0x00000000da000000, 0x00000000eab00000)
  object space 425984K, 99% used [0x00000000c0000000,0x00000000d9fac100,0x00000000da000000)
 Metaspace       used 63801K, committed 65344K, reserved 1114112K
  class space    used 6488K, committed 7168K, reserved 1048576K
}
Event: 109.499 GC heap after
{Heap after GC invocations=633 (full 4):
 PSYoungGen      total 30720K, used 3288K [0x00000000eab00000, 0x00000000ed180000, 0x0000000100000000)
  eden space 27136K, 0% used [0x00000000eab00000,0x00000000eab00000,0x00000000ec580000)
  from space 3584K, 91% used [0x00000000ec580000,0x00000000ec8b6000,0x00000000ec900000)
  to   space 5120K, 0% used [0x00000000ecc80000,0x00000000ecc80000,0x00000000ed180000)
 ParOldGen       total 426496K, used 426376K [0x00000000c0000000, 0x00000000da080000, 0x00000000eab00000)
  object space 426496K, 99% used [0x00000000c0000000,0x00000000da062100,0x00000000da080000)
 Metaspace       used 63801K, committed 65344K, reserved 1114112K
  class space    used 6488K, committed 7168K, reserved 1048576K
}
Event: 110.271 GC heap before
{Heap before GC invocations=634 (full 4):
 PSYoungGen      total 30720K, used 30416K [0x00000000eab00000, 0x00000000ed180000, 0x0000000100000000)
  eden space 27136K, 99% used [0x00000000eab00000,0x00000000ec57e188,0x00000000ec580000)
  from space 3584K, 91% used [0x00000000ec580000,0x00000000ec8b6000,0x00000000ec900000)
  to   space 5120K, 0% used [0x00000000ecc80000,0x00000000ecc80000,0x00000000ed180000)
 ParOldGen       total 426496K, used 426376K [0x00000000c0000000, 0x00000000da080000, 0x00000000eab00000)
  object space 426496K, 99% used [0x00000000c0000000,0x00000000da062100,0x00000000da080000)
 Metaspace       used 64185K, committed 65728K, reserved 1114112K
  class space    used 6522K, committed 7232K, reserved 1048576K
}
Event: 110.286 GC heap after
{Heap after GC invocations=634 (full 4):
 PSYoungGen      total 26624K, used 5119K [0x00000000eab00000, 0x00000000ee080000, 0x0000000100000000)
  eden space 21504K, 0% used [0x00000000eab00000,0x00000000eab00000,0x00000000ec000000)
  from space 5120K, 99% used [0x00000000ecc80000,0x00000000ed17fc28,0x00000000ed180000)
  to   space 12800K, 0% used [0x00000000ec000000,0x00000000ec000000,0x00000000ecc80000)
 ParOldGen       total 432640K, used 432267K [0x00000000c0000000, 0x00000000da680000, 0x00000000eab00000)
  object space 432640K, 99% used [0x00000000c0000000,0x00000000da622c58,0x00000000da680000)
 Metaspace       used 64185K, committed 65728K, reserved 1114112K
  class space    used 6522K, committed 7232K, reserved 1048576K
}
Event: 110.745 GC heap before
{Heap before GC invocations=635 (full 4):
 PSYoungGen      total 26624K, used 26623K [0x00000000eab00000, 0x00000000ee080000, 0x0000000100000000)
  eden space 21504K, 100% used [0x00000000eab00000,0x00000000ec000000,0x00000000ec000000)
  from space 5120K, 99% used [0x00000000ecc80000,0x00000000ed17fc28,0x00000000ed180000)
  to   space 12800K, 0% used [0x00000000ec000000,0x00000000ec000000,0x00000000ecc80000)
 ParOldGen       total 432640K, used 432267K [0x00000000c0000000, 0x00000000da680000, 0x00000000eab00000)
  object space 432640K, 99% used [0x00000000c0000000,0x00000000da622c58,0x00000000da680000)
 Metaspace       used 64291K, committed 65856K, reserved 1114112K
  class space    used 6531K, committed 7232K, reserved 1048576K
}
Event: 110.757 GC heap after
{Heap after GC invocations=635 (full 4):
 PSYoungGen      total 34304K, used 12799K [0x00000000eab00000, 0x00000000ede80000, 0x0000000100000000)
  eden space 21504K, 0% used [0x00000000eab00000,0x00000000eab00000,0x00000000ec000000)
  from space 12800K, 99% used [0x00000000ec000000,0x00000000ecc7fce0,0x00000000ecc80000)
  to   space 14848K, 0% used [0x00000000ed000000,0x00000000ed000000,0x00000000ede80000)
 ParOldGen       total 433152K, used 433115K [0x00000000c0000000, 0x00000000da700000, 0x00000000eab00000)
  object space 433152K, 99% used [0x00000000c0000000,0x00000000da6f6c58,0x00000000da700000)
 Metaspace       used 64291K, committed 65856K, reserved 1114112K
  class space    used 6531K, committed 7232K, reserved 1048576K
}
Event: 111.095 GC heap before
{Heap before GC invocations=636 (full 4):
 PSYoungGen      total 34304K, used 34303K [0x00000000eab00000, 0x00000000ede80000, 0x0000000100000000)
  eden space 21504K, 100% used [0x00000000eab00000,0x00000000ec000000,0x00000000ec000000)
  from space 12800K, 99% used [0x00000000ec000000,0x00000000ecc7fce0,0x00000000ecc80000)
  to   space 14848K, 0% used [0x00000000ed000000,0x00000000ed000000,0x00000000ede80000)
 ParOldGen       total 433152K, used 433115K [0x00000000c0000000, 0x00000000da700000, 0x00000000eab00000)
  object space 433152K, 99% used [0x00000000c0000000,0x00000000da6f6c58,0x00000000da700000)
 Metaspace       used 64321K, committed 65856K, reserved 1114112K
  class space    used 6533K, committed 7232K, reserved 1048576K
}
Event: 111.111 GC heap after
{Heap after GC invocations=636 (full 4):
 PSYoungGen      total 36352K, used 14832K [0x00000000eab00000, 0x00000000ee180000, 0x0000000100000000)
  eden space 21504K, 0% used [0x00000000eab00000,0x00000000eab00000,0x00000000ec000000)
  from space 14848K, 99% used [0x00000000ed000000,0x00000000ede7c350,0x00000000ede80000)
  to   space 16384K, 0% used [0x00000000ec000000,0x00000000ec000000,0x00000000ed000000)
 ParOldGen       total 434176K, used 434091K [0x00000000c0000000, 0x00000000da800000, 0x00000000eab00000)
  object space 434176K, 99% used [0x00000000c0000000,0x00000000da7eac58,0x00000000da800000)
 Metaspace       used 64321K, committed 65856K, reserved 1114112K
  class space    used 6533K, committed 7232K, reserved 1048576K
}
Event: 111.552 GC heap before
{Heap before GC invocations=637 (full 4):
 PSYoungGen      total 36352K, used 36336K [0x00000000eab00000, 0x00000000ee180000, 0x0000000100000000)
  eden space 21504K, 100% used [0x00000000eab00000,0x00000000ec000000,0x00000000ec000000)
  from space 14848K, 99% used [0x00000000ed000000,0x00000000ede7c350,0x00000000ede80000)
  to   space 16384K, 0% used [0x00000000ec000000,0x00000000ec000000,0x00000000ed000000)
 ParOldGen       total 434176K, used 434091K [0x00000000c0000000, 0x00000000da800000, 0x00000000eab00000)
  object space 434176K, 99% used [0x00000000c0000000,0x00000000da7eac58,0x00000000da800000)
 Metaspace       used 64332K, committed 65856K, reserved 1114112K
  class space    used 6533K, committed 7232K, reserved 1048576K
}
Event: 111.568 GC heap after
{Heap after GC invocations=637 (full 4):
 PSYoungGen      total 37888K, used 16365K [0x00000000eab00000, 0x00000000eee80000, 0x0000000100000000)
  eden space 21504K, 0% used [0x00000000eab00000,0x00000000eab00000,0x00000000ec000000)
  from space 16384K, 99% used [0x00000000ec000000,0x00000000ecffb770,0x00000000ed000000)
  to   space 23040K, 0% used [0x00000000ed800000,0x00000000ed800000,0x00000000eee80000)
 ParOldGen       total 439808K, used 439532K [0x00000000c0000000, 0x00000000dad80000, 0x00000000eab00000)
  object space 439808K, 99% used [0x00000000c0000000,0x00000000dad3b1d0,0x00000000dad80000)
 Metaspace       used 64332K, committed 65856K, reserved 1114112K
  class space    used 6533K, committed 7232K, reserved 1048576K
}

