# JRE version: Java(TM) SE Runtime Environment (24.0.1+9) (build 24.0.1+9-30)
# Java VM: Java HotSpot(TM) 64-Bit Server VM (24.0.1+9-30, mixed mode, sharing, tiered, compressed oops, compressed class ptrs, g1 gc, windows-amd64)
GC Precious Log:
 CardTable entry size: 512
 Card Set container configuration: InlinePtr #cards 5 size 8 Array Of Cards #cards 10 size 36 Howl #buckets 4 coarsen threshold 1843 Howl Bitmap #cards 512 size 80 coarsen threshold 460 Card regions per heap region 1 cards per card region 2048
 CPUs: 4 total, 4 available
 Memory: 3784M
 Large Page Support: Disabled
 NUMA Support: Disabled
 Compressed Oops: Enabled (32-bit)
 Heap Region Size: 1M
 Heap Min Capacity: 8M
 Heap Initial Capacity: 60M
 Heap Max Capacity: 948M
 Pre-touch: Disabled
 Parallel Workers: 4
 Concurrent Workers: 1
 Concurrent Refinement Workers: 4
 Periodic GC: Disabled
Heap:
 garbage-first heap   total reserved 970752K, committed 63488K, used 23425K [0x00000000c4c00000, 0x0000000100000000)
  region size 1024K, 18 young (18432K), 4 survivors (4096K)
 Metaspace       used 15787K, committed 16064K, reserved 1114112K
  class space    used 1537K, committed 1664K, reserved 1048576K
GC Heap History (6 events):
Event: 6.035 GC heap before
{Heap before GC invocations=0 (full 0):
 garbage-first heap   total reserved 970752K, committed 63488K, used 29812K [0x00000000c4c00000, 0x0000000100000000)
  region size 1024K, 28 young (28672K), 0 survivors (0K)
 Metaspace       used 6440K, committed 6720K, reserved 1114112K
  class space    used 573K, committed 704K, reserved 1048576K
}
Event: 6.067 GC heap after
{Heap after GC invocations=1 (full 0):
 garbage-first heap   total reserved 970752K, committed 63488K, used 4468K [0x00000000c4c00000, 0x0000000100000000)
  region size 1024K, 4 young (4096K), 4 survivors (4096K)
 Metaspace       used 6440K, committed 6720K, reserved 1114112K
  class space    used 573K, committed 704K, reserved 1048576K
}
Event: 7.971 GC heap before
{Heap before GC invocations=1 (full 0):
 garbage-first heap   total reserved 970752K, committed 63488K, used 30068K [0x00000000c4c00000, 0x0000000100000000)
  region size 1024K, 29 young (29696K), 4 survivors (4096K)
 Metaspace       used 11147K, committed 11392K, reserved 1114112K
  class space    used 1032K, committed 1152K, reserved 1048576K
}
Event: 7.981 GC heap after
{Heap after GC invocations=2 (full 0):
 garbage-first heap   total reserved 970752K, committed 63488K, used 6389K [0x00000000c4c00000, 0x0000000100000000)
  region size 1024K, 2 young (2048K), 2 survivors (2048K)
 Metaspace       used 11147K, committed 11392K, reserved 1114112K
  class space    used 1032K, committed 1152K, reserved 1048576K
}
Event: 10.305 GC heap before
{Heap before GC invocations=2 (full 0):
 garbage-first heap   total reserved 970752K, committed 63488K, used 37109K [0x00000000c4c00000, 0x0000000100000000)
  region size 1024K, 32 young (32768K), 2 survivors (2048K)
 Metaspace       used 15333K, committed 15552K, reserved 1114112K
  class space    used 1493K, committed 1600K, reserved 1048576K
}
Event: 10.318 GC heap after
{Heap after GC invocations=3 (full 0):
 garbage-first heap   total reserved 970752K, committed 63488K, used 10113K [0x00000000c4c00000, 0x0000000100000000)
  region size 1024K, 4 young (4096K), 4 survivors (4096K)
 Metaspace       used 15333K, committed 15552K, reserved 1114112K
  class space    used 1493K, committed 1600K, reserved 1048576K
}

