<?xml version="1.0" encoding="UTF-8"?>
<testsuite xmlns:xsi="http://www.w3.org/2001/XMLSchema-instance" xsi:noNamespaceSchemaLocation="https://maven.apache.org/surefire/maven-surefire-plugin/xsd/surefire-test-report-3.0.xsd" version="3.0" name="com.project.nmcnpm.NmcnpmApplicationTests" time="24.112" tests="1" errors="0" skipped="0" failures="0">
  <properties>
[...]
</properties>
  <testcase name="contextLoads" classname="com.project.nmcnpm.NmcnpmApplicationTests" time="1.138">
    <system-out><![CDATA[01:21:19.360 [main] INFO org.springframework.test.context.support.AnnotationConfigContextLoaderUtils -- Could not detect default configuration classes for test class [com.project.nmcnpm.NmcnpmApplicationTests]: NmcnpmApplicationTests does not declare any static, non-private, non-final, nested classes annotated with @Configuration.
01:21:19.613 [main] INFO org.springframework.boot.test.context.SpringBootTestContextBootstrapper -- Found @SpringBootConfiguration com.project.nmcnpm.ECommerceApplication for test class com.project.nmcnpm.NmcnpmApplicationTests

  .   ____          _            __ _ _
 /\\ / ___'_ __ _ _(_)_ __  __ _ \ \ \ \
( ( )\___ | '_ | '_| | '_ \/ _` | \ \ \ \
 \\/  ___)| |_)| | | | | || (_| |  ) ) ) )
  '  |____| .__|_| |_|_| |_\__, | / / / /
 =========|_|==============|___/=/_/_/_/
 :: Spring Boot ::                (v3.1.2)

2025-06-10T01:21:20.401+07:00  INFO 3688 --- [           main] c.project.nmcnpm.NmcnpmApplicationTests  : Starting NmcnpmApplicationTests using Java 24.0.1 with PID 3688 (started by ADMIN in E:\SanThuongMaiDienTu\nmcnpm)
2025-06-10T01:21:20.406+07:00  INFO 3688 --- [           main] c.project.nmcnpm.NmcnpmApplicationTests  : No active profile set, falling back to 1 default profile: "default"
2025-06-10T01:21:22.733+07:00  INFO 3688 --- [           main] .s.d.r.c.RepositoryConfigurationDelegate : Bootstrapping Spring Data JPA repositories in DEFAULT mode.
2025-06-10T01:21:23.200+07:00  INFO 3688 --- [           main] .s.d.r.c.RepositoryConfigurationDelegate : Finished Spring Data repository scanning in 445 ms. Found 23 JPA repository interfaces.
2025-06-10T01:21:25.004+07:00 DEBUG 3688 --- [           main] com.zaxxer.hikari.HikariConfig           : Driver class com.mysql.cj.jdbc.Driver found in Thread context class loader jdk.internal.loader.ClassLoaders$AppClassLoader@11a4022a
2025-06-10T01:21:25.336+07:00  INFO 3688 --- [           main] o.hibernate.jpa.internal.util.LogHelper  : HHH000204: Processing PersistenceUnitInfo [name: default]
2025-06-10T01:21:25.527+07:00  INFO 3688 --- [           main] org.hibernate.Version                    : HHH000412: Hibernate ORM core version 6.2.6.Final
2025-06-10T01:21:25.533+07:00  INFO 3688 --- [           main] org.hibernate.cfg.Environment            : HHH000406: Using bytecode reflection optimizer
2025-06-10T01:21:25.981+07:00  INFO 3688 --- [           main] o.h.b.i.BytecodeProviderInitiator        : HHH000021: Bytecode provider name : bytebuddy
2025-06-10T01:21:26.407+07:00  INFO 3688 --- [           main] o.s.o.j.p.SpringPersistenceUnitInfo      : No LoadTimeWeaver setup: ignoring JPA class transformer
2025-06-10T01:21:26.481+07:00  WARN 3688 --- [           main] com.zaxxer.hikari.HikariConfig           : HikariPool-1 - idleTimeout has been set but has no effect because the pool is operating as a fixed size pool.
2025-06-10T01:21:26.482+07:00 DEBUG 3688 --- [           main] com.zaxxer.hikari.HikariConfig           : HikariPool-1 - configuration:
2025-06-10T01:21:26.487+07:00 DEBUG 3688 --- [           main] com.zaxxer.hikari.HikariConfig           : allowPoolSuspension.............false
2025-06-10T01:21:26.487+07:00 DEBUG 3688 --- [           main] com.zaxxer.hikari.HikariConfig           : autoCommit......................true
2025-06-10T01:21:26.488+07:00 DEBUG 3688 --- [           main] com.zaxxer.hikari.HikariConfig           : catalog.........................none
2025-06-10T01:21:26.488+07:00 DEBUG 3688 --- [           main] com.zaxxer.hikari.HikariConfig           : connectionInitSql...............none
2025-06-10T01:21:26.488+07:00 DEBUG 3688 --- [           main] com.zaxxer.hikari.HikariConfig           : connectionTestQuery.............none
2025-06-10T01:21:26.491+07:00 DEBUG 3688 --- [           main] com.zaxxer.hikari.HikariConfig           : connectionTimeout...............30000
2025-06-10T01:21:26.492+07:00 DEBUG 3688 --- [           main] com.zaxxer.hikari.HikariConfig           : dataSource......................none
2025-06-10T01:21:26.492+07:00 DEBUG 3688 --- [           main] com.zaxxer.hikari.HikariConfig           : dataSourceClassName.............none
2025-06-10T01:21:26.492+07:00 DEBUG 3688 --- [           main] com.zaxxer.hikari.HikariConfig           : dataSourceJNDI..................none
2025-06-10T01:21:26.493+07:00 DEBUG 3688 --- [           main] com.zaxxer.hikari.HikariConfig           : dataSourceProperties............{password=<masked>}
2025-06-10T01:21:26.494+07:00 DEBUG 3688 --- [           main] com.zaxxer.hikari.HikariConfig           : driverClassName................."com.mysql.cj.jdbc.Driver"
2025-06-10T01:21:26.494+07:00 DEBUG 3688 --- [           main] com.zaxxer.hikari.HikariConfig           : exceptionOverrideClassName......none
2025-06-10T01:21:26.494+07:00 DEBUG 3688 --- [           main] com.zaxxer.hikari.HikariConfig           : healthCheckProperties...........{}
2025-06-10T01:21:26.495+07:00 DEBUG 3688 --- [           main] com.zaxxer.hikari.HikariConfig           : healthCheckRegistry.............none
2025-06-10T01:21:26.495+07:00 DEBUG 3688 --- [           main] com.zaxxer.hikari.HikariConfig           : idleTimeout.....................10000
2025-06-10T01:21:26.495+07:00 DEBUG 3688 --- [           main] com.zaxxer.hikari.HikariConfig           : initializationFailTimeout.......1
2025-06-10T01:21:26.496+07:00 DEBUG 3688 --- [           main] com.zaxxer.hikari.HikariConfig           : isolateInternalQueries..........false
2025-06-10T01:21:26.496+07:00 DEBUG 3688 --- [           main] com.zaxxer.hikari.HikariConfig           : jdbcUrl.........................jdbc:mysql://gvdp4.h.filess.io:61002/shopdb_lookwordno
2025-06-10T01:21:26.497+07:00 DEBUG 3688 --- [           main] com.zaxxer.hikari.HikariConfig           : keepaliveTime...................0
2025-06-10T01:21:26.497+07:00 DEBUG 3688 --- [           main] com.zaxxer.hikari.HikariConfig           : leakDetectionThreshold..........0
2025-06-10T01:21:26.497+07:00 DEBUG 3688 --- [           main] com.zaxxer.hikari.HikariConfig           : maxLifetime.....................30000
2025-06-10T01:21:26.497+07:00 DEBUG 3688 --- [           main] com.zaxxer.hikari.HikariConfig           : maximumPoolSize.................1
2025-06-10T01:21:26.498+07:00 DEBUG 3688 --- [           main] com.zaxxer.hikari.HikariConfig           : metricRegistry..................none
2025-06-10T01:21:26.498+07:00 DEBUG 3688 --- [           main] com.zaxxer.hikari.HikariConfig           : metricsTrackerFactory...........none
2025-06-10T01:21:26.498+07:00 DEBUG 3688 --- [           main] com.zaxxer.hikari.HikariConfig           : minimumIdle.....................1
2025-06-10T01:21:26.499+07:00 DEBUG 3688 --- [           main] com.zaxxer.hikari.HikariConfig           : password........................<masked>
2025-06-10T01:21:26.499+07:00 DEBUG 3688 --- [           main] com.zaxxer.hikari.HikariConfig           : poolName........................"HikariPool-1"
2025-06-10T01:21:26.500+07:00 DEBUG 3688 --- [           main] com.zaxxer.hikari.HikariConfig           : readOnly........................false
2025-06-10T01:21:26.502+07:00 DEBUG 3688 --- [           main] com.zaxxer.hikari.HikariConfig           : registerMbeans..................false
2025-06-10T01:21:26.502+07:00 DEBUG 3688 --- [           main] com.zaxxer.hikari.HikariConfig           : scheduledExecutor...............none
2025-06-10T01:21:26.503+07:00 DEBUG 3688 --- [           main] com.zaxxer.hikari.HikariConfig           : schema..........................none
2025-06-10T01:21:26.506+07:00 DEBUG 3688 --- [           main] com.zaxxer.hikari.HikariConfig           : threadFactory...................internal
2025-06-10T01:21:26.506+07:00 DEBUG 3688 --- [           main] com.zaxxer.hikari.HikariConfig           : transactionIsolation............default
2025-06-10T01:21:26.508+07:00 DEBUG 3688 --- [           main] com.zaxxer.hikari.HikariConfig           : username........................"shopdb_lookwordno"
2025-06-10T01:21:26.508+07:00 DEBUG 3688 --- [           main] com.zaxxer.hikari.HikariConfig           : validationTimeout...............5000
2025-06-10T01:21:26.510+07:00  INFO 3688 --- [           main] com.zaxxer.hikari.HikariDataSource       : HikariPool-1 - Starting...
2025-06-10T01:21:30.262+07:00  INFO 3688 --- [           main] com.zaxxer.hikari.pool.HikariPool        : HikariPool-1 - Added connection com.mysql.cj.jdbc.ConnectionImpl@399f5daf
2025-06-10T01:21:30.305+07:00  INFO 3688 --- [           main] com.zaxxer.hikari.HikariDataSource       : HikariPool-1 - Start completed.
2025-06-10T01:21:30.405+07:00 DEBUG 3688 --- [l-1 housekeeper] com.zaxxer.hikari.pool.HikariPool        : HikariPool-1 - Pool stats (total=1, active=1, idle=0, waiting=0)
2025-06-10T01:21:30.406+07:00 DEBUG 3688 --- [l-1 housekeeper] com.zaxxer.hikari.pool.HikariPool        : HikariPool-1 - Fill pool skipped, pool has sufficient level or currently being filled (queueDepth=0).
2025-06-10T01:21:32.647+07:00  INFO 3688 --- [           main] o.h.b.i.BytecodeProviderInitiator        : HHH000021: Bytecode provider name : bytebuddy
2025-06-10T01:21:35.091+07:00  INFO 3688 --- [           main] o.h.e.t.j.p.i.JtaPlatformInitiator       : HHH000490: Using JtaPlatform implementation: [org.hibernate.engine.transaction.jta.platform.internal.NoJtaPlatform]
2025-06-10T01:21:35.099+07:00  INFO 3688 --- [           main] j.LocalContainerEntityManagerFactoryBean : Initialized JPA EntityManagerFactory for persistence unit 'default'
2025-06-10T01:21:38.639+07:00  INFO 3688 --- [           main] o.s.s.web.DefaultSecurityFilterChain     : Will secure any request with [org.springframework.security.web.session.DisableEncodeUrlFilter@50e7d8ba, org.springframework.security.web.context.request.async.WebAsyncManagerIntegrationFilter@210e4678, org.springframework.security.web.context.SecurityContextHolderFilter@641001c2, org.springframework.security.web.header.HeaderWriterFilter@4824d077, org.springframework.security.web.authentication.logout.LogoutFilter@3129792a, com.project.nmcnpm.config.JwtAuthenticationFilter@489a722d, org.springframework.security.web.savedrequest.RequestCacheAwareFilter@2fedae96, org.springframework.security.web.servletapi.SecurityContextHolderAwareRequestFilter@44aaa987, org.springframework.security.web.authentication.AnonymousAuthenticationFilter@4548bfc7, org.springframework.security.web.session.SessionManagementFilter@8c54f48, org.springframework.security.web.access.ExceptionTranslationFilter@296a350, org.springframework.security.web.access.intercept.AuthorizationFilter@57e9cd2]
2025-06-10T01:21:41.843+07:00  INFO 3688 --- [           main] c.project.nmcnpm.NmcnpmApplicationTests  : Started NmcnpmApplicationTests in 21.998 seconds (process running for 24.07)
]]></system-out>
    <system-err><![CDATA[Provided JWT secret is weak or invalid for HS512. Generating a new secure key. Illegal base64 character: '_'
WARNING: A Java agent has been loaded dynamically (C:\Users\ADMIN\.m2\repository\net\bytebuddy\byte-buddy-agent\1.14.5\byte-buddy-agent-1.14.5.jar)
WARNING: If a serviceability tool is in use, please run with -XX:+EnableDynamicAgentLoading to hide this warning
WARNING: If a serviceability tool is not in use, please run with -Djdk.instrument.traceUsage for more information
WARNING: Dynamic loading of agents will be disallowed by default in a future release
]]></system-err>
  </testcase>
</testsuite>